# JRE version: Java(TM) SE Runtime Environment (25.0.2+10) (build 25.0.2+10-LTS-69)
# Java VM: Java HotSpot(TM) 64-Bit Server VM (25.0.2+10-LTS-69, mixed mode, sharing, tiered, compressed oops, compressed class ptrs, g1 gc, windows-amd64)
GC Precious Log:
 CardTable entry size: 512
 Card Set container configuration: InlinePtr #cards 5 size 8 Array Of Cards #cards 10 size 36 Howl #buckets 4 coarsen threshold 1843 Howl Bitmap #cards 512 size 80 coarsen threshold 460 Card regions per heap region 1 cards per card region 2048
 CPUs: 4 total, 4 available
 Memory: 3863M
 Large Page Support: Disabled
 NUMA Support: Disabled
 Compressed Oops: Enabled (32-bit)
 Heap Region Size: 1M
 Heap Min Capacity: 8M
 Heap Initial Capacity: 62M
 Heap Max Capacity: 966M
 Pre-touch: Disabled
 Parallel Workers: 4
 Concurrent Workers: 1
 Concurrent Refinement Workers: 4
 Periodic GC: Disabled
Heap:
 garbage-first heap   total reserved 989184K, committed 65536K, used 22393K [0x00000000c3a00000, 0x0000000100000000)
  region size 1024K, 9 young (9216K), 2 survivors (2048K)
GC Heap Usage History (10 events):
Event: 1.214 {heap Before GC invocations=0 (full 0):
 garbage-first heap   total reserved 989184K, committed 65536K, used 29845K [0x00000000c3a00000, 0x0000000100000000)
  region size 1024K, 28 young (28672K), 0 survivors (0K)
}
Event: 1.223 {heap After GC invocations=1 (full 0):
 garbage-first heap   total reserved 989184K, committed 65536K, used 4373K [0x00000000c3a00000, 0x0000000100000000)
  region size 1024K, 4 young (4096K), 4 survivors (4096K)
}
Event: 2.143 {heap Before GC invocations=1 (full 0):
 garbage-first heap   total reserved 989184K, committed 65536K, used 30997K [0x00000000c3a00000, 0x0000000100000000)
  region size 1024K, 30 young (30720K), 4 survivors (4096K)
}
Event: 2.156 {heap After GC invocations=2 (full 0):
 garbage-first heap   total reserved 989184K, committed 65536K, used 5940K [0x00000000c3a00000, 0x0000000100000000)
  region size 1024K, 2 young (2048K), 2 survivors (2048K)
}
Event: 3.154 {heap Before GC invocations=2 (full 0):
 garbage-first heap   total reserved 989184K, committed 65536K, used 37684K [0x00000000c3a00000, 0x0000000100000000)
  region size 1024K, 33 young (33792K), 2 survivors (2048K)
}
Event: 3.166 {heap After GC invocations=3 (full 0):
 garbage-first heap   total reserved 989184K, committed 65536K, used 9471K [0x00000000c3a00000, 0x0000000100000000)
  region size 1024K, 5 young (5120K), 5 survivors (5120K)
}
Event: 4.074 {heap Before GC invocations=3 (full 0):
 garbage-first heap   total reserved 989184K, committed 65536K, used 42239K [0x00000000c3a00000, 0x0000000100000000)
  region size 1024K, 37 young (37888K), 5 survivors (5120K)
}
Event: 4.092 {heap After GC invocations=4 (full 0):
 garbage-first heap   total reserved 989184K, committed 65536K, used 14559K [0x00000000c3a00000, 0x0000000100000000)
  region size 1024K, 5 young (5120K), 5 survivors (5120K)
}
Event: 4.837 {heap Before GC invocations=4 (full 0):
 garbage-first heap   total reserved 989184K, committed 65536K, used 46303K [0x00000000c3a00000, 0x0000000100000000)
  region size 1024K, 36 young (36864K), 5 survivors (5120K)
}
Event: 4.848 {heap After GC invocations=5 (full 0):
 garbage-first heap   total reserved 989184K, committed 65536K, used 16249K [0x00000000c3a00000, 0x0000000100000000)
  region size 1024K, 2 young (2048K), 2 survivors (2048K)
}

