# JRE version: OpenJDK Runtime Environment Temurin-21.0.11+10 (21.0.11+10) (build 21.0.11+10-LTS)
# Java VM: OpenJDK 64-Bit Server VM Temurin-21.0.11+10 (21.0.11+10-LTS, mixed mode, sharing, tiered, compressed oops, compressed class ptrs, parallel gc, windows-amd64)
GC Precious Log:
 CardTable entry size: 512
 CPUs: 4 total, 4 available
 Memory: 3863M
 Large Page Support: Disabled
 NUMA Support: Disabled
 Compressed Oops: Enabled (32-bit)
 Alignments: Space 512K, Generation 512K, Heap 2M
 Heap Min Capacity: 100M
 Heap Initial Capacity: 100M
 Heap Max Capacity: 2G
 Pre-touch: Disabled
 Parallel Workers: 4
Heap:
 PSYoungGen      total 9216K, used 3746K [0x00000000d5580000, 0x00000000d6480000, 0x0000000100000000)
  eden space 8704K, 39% used [0x00000000d5580000,0x00000000d58d8920,0x00000000d5e00000)
  from space 512K, 62% used [0x00000000d6400000,0x00000000d6450020,0x00000000d6480000)
  to   space 2048K, 0% used [0x00000000d6080000,0x00000000d6080000,0x00000000d6280000)
 ParOldGen       total 707072K, used 253469K [0x0000000080000000, 0x00000000ab280000, 0x00000000d5580000)
  object space 707072K, 35% used [0x0000000080000000,0x000000008f7876b8,0x00000000ab280000)
 Metaspace       used 87863K, committed 89664K, reserved 1179648K
  class space    used 8846K, committed 9728K, reserved 1048576K
GC Heap History (20 events):
Event: 2231.958 GC heap before
{Heap before GC invocations=1760 (full 5):
 PSYoungGen      total 10752K, used 10670K [0x00000000d5580000, 0x00000000d6880000, 0x0000000100000000)
  eden space 9728K, 99% used [0x00000000d5580000,0x00000000d5effff0,0x00000000d5f00000)
  from space 1024K, 92% used [0x00000000d6780000,0x00000000d686b870,0x00000000d6880000)
  to   space 3072K, 0% used [0x00000000d6280000,0x00000000d6280000,0x00000000d6580000)
 ParOldGen       total 707072K, used 225689K [0x0000000080000000, 0x00000000ab280000, 0x00000000d5580000)
  object space 707072K, 31% used [0x0000000080000000,0x000000008dc66698,0x00000000ab280000)
 Metaspace       used 86838K, committed 88832K, reserved 1179648K
  class space    used 8731K, committed 9728K, reserved 1048576K
}
Event: 2231.972 GC heap after
{Heap after GC invocations=1760 (full 5):
 PSYoungGen      total 12800K, used 3049K [0x00000000d5580000, 0x00000000d6f00000, 0x0000000100000000)
  eden space 9728K, 0% used [0x00000000d5580000,0x00000000d5580000,0x00000000d5f00000)
  from space 3072K, 99% used [0x00000000d6280000,0x00000000d657a700,0x00000000d6580000)
  to   space 8192K, 0% used [0x00000000d6700000,0x00000000d6700000,0x00000000d6f00000)
 ParOldGen       total 707072K, used 229591K [0x0000000080000000, 0x00000000ab280000, 0x00000000d5580000)
  object space 707072K, 32% used [0x0000000080000000,0x000000008e035f28,0x00000000ab280000)
 Metaspace       used 86838K, committed 88832K, reserved 1179648K
  class space    used 8731K, committed 9728K, reserved 1048576K
}
Event: 2232.009 GC heap before
{Heap before GC invocations=1761 (full 5):
 PSYoungGen      total 12800K, used 12777K [0x00000000d5580000, 0x00000000d6f00000, 0x0000000100000000)
  eden space 9728K, 100% used [0x00000000d5580000,0x00000000d5f00000,0x00000000d5f00000)
  from space 3072K, 99% used [0x00000000d6280000,0x00000000d657a700,0x00000000d6580000)
  to   space 8192K, 0% used [0x00000000d6700000,0x00000000d6700000,0x00000000d6f00000)
 ParOldGen       total 707072K, used 229591K [0x0000000080000000, 0x00000000ab280000, 0x00000000d5580000)
  object space 707072K, 32% used [0x0000000080000000,0x000000008e035f28,0x00000000ab280000)
 Metaspace       used 86838K, committed 88832K, reserved 1179648K
  class space    used 8731K, committed 9728K, reserved 1048576K
}
Event: 2232.022 GC heap after
{Heap after GC invocations=1761 (full 5):
 PSYoungGen      total 13312K, used 1474K [0x00000000d5580000, 0x00000000d6880000, 0x0000000100000000)
  eden space 11776K, 0% used [0x00000000d5580000,0x00000000d5580000,0x00000000d6100000)
  from space 1536K, 95% used [0x00000000d6700000,0x00000000d6870828,0x00000000d6880000)
  to   space 3584K, 0% used [0x00000000d6180000,0x00000000d6180000,0x00000000d6500000)
 ParOldGen       total 707072K, used 232550K [0x0000000080000000, 0x00000000ab280000, 0x00000000d5580000)
  object space 707072K, 32% used [0x0000000080000000,0x000000008e3198a8,0x00000000ab280000)
 Metaspace       used 86838K, committed 88832K, reserved 1179648K
  class space    used 8731K, committed 9728K, reserved 1048576K
}
Event: 2403.541 GC heap before
{Heap before GC invocations=1762 (full 5):
 PSYoungGen      total 13312K, used 13250K [0x00000000d5580000, 0x00000000d6880000, 0x0000000100000000)
  eden space 11776K, 100% used [0x00000000d5580000,0x00000000d6100000,0x00000000d6100000)
  from space 1536K, 95% used [0x00000000d6700000,0x00000000d6870828,0x00000000d6880000)
  to   space 3584K, 0% used [0x00000000d6180000,0x00000000d6180000,0x00000000d6500000)
 ParOldGen       total 707072K, used 232550K [0x0000000080000000, 0x00000000ab280000, 0x00000000d5580000)
  object space 707072K, 32% used [0x0000000080000000,0x000000008e3198a8,0x00000000ab280000)
 Metaspace       used 86839K, committed 88832K, reserved 1179648K
  class space    used 8731K, committed 9728K, reserved 1048576K
}
Event: 2403.593 GC heap after
{Heap after GC invocations=1762 (full 5):
 PSYoungGen      total 15360K, used 884K [0x00000000d5580000, 0x00000000d6780000, 0x0000000100000000)
  eden space 11776K, 0% used [0x00000000d5580000,0x00000000d5580000,0x00000000d6100000)
  from space 3584K, 24% used [0x00000000d6180000,0x00000000d625d200,0x00000000d6500000)
  to   space 1536K, 0% used [0x00000000d6600000,0x00000000d6600000,0x00000000d6780000)
 ParOldGen       total 707072K, used 233907K [0x0000000080000000, 0x00000000ab280000, 0x00000000d5580000)
  object space 707072K, 33% used [0x0000000080000000,0x000000008e46cf80,0x00000000ab280000)
 Metaspace       used 86839K, committed 88832K, reserved 1179648K
  class space    used 8731K, committed 9728K, reserved 1048576K
}
Event: 2403.890 GC heap before
{Heap before GC invocations=1763 (full 5):
 PSYoungGen      total 15360K, used 12660K [0x00000000d5580000, 0x00000000d6780000, 0x0000000100000000)
  eden space 11776K, 100% used [0x00000000d5580000,0x00000000d6100000,0x00000000d6100000)
  from space 3584K, 24% used [0x00000000d6180000,0x00000000d625d200,0x00000000d6500000)
  to   space 1536K, 0% used [0x00000000d6600000,0x00000000d6600000,0x00000000d6780000)
 ParOldGen       total 707072K, used 233907K [0x0000000080000000, 0x00000000ab280000, 0x00000000d5580000)
  object space 707072K, 33% used [0x0000000080000000,0x000000008e46cf80,0x00000000ab280000)
 Metaspace       used 86847K, committed 88832K, reserved 1179648K
  class space    used 8731K, committed 9728K, reserved 1048576K
}
Event: 2403.918 GC heap after
{Heap after GC invocations=1763 (full 5):
 PSYoungGen      total 8704K, used 1531K [0x00000000d5580000, 0x00000000d7400000, 0x0000000100000000)
  eden space 7168K, 0% used [0x00000000d5580000,0x00000000d5580000,0x00000000d5c80000)
  from space 1536K, 99% used [0x00000000d6600000,0x00000000d677ed48,0x00000000d6780000)
  to   space 9728K, 0% used [0x00000000d5c80000,0x00000000d5c80000,0x00000000d6600000)
 ParOldGen       total 707072K, used 240667K [0x0000000080000000, 0x00000000ab280000, 0x00000000d5580000)
  object space 707072K, 34% used [0x0000000080000000,0x000000008eb06df0,0x00000000ab280000)
 Metaspace       used 86847K, committed 88832K, reserved 1179648K
  class space    used 8731K, committed 9728K, reserved 1048576K
}
Event: 2403.930 GC heap before
{Heap before GC invocations=1764 (full 5):
 PSYoungGen      total 8704K, used 8699K [0x00000000d5580000, 0x00000000d7400000, 0x0000000100000000)
  eden space 7168K, 100% used [0x00000000d5580000,0x00000000d5c80000,0x00000000d5c80000)
  from space 1536K, 99% used [0x00000000d6600000,0x00000000d677ed48,0x00000000d6780000)
  to   space 9728K, 0% used [0x00000000d5c80000,0x00000000d5c80000,0x00000000d6600000)
 ParOldGen       total 707072K, used 240667K [0x0000000080000000, 0x00000000ab280000, 0x00000000d5580000)
  object space 707072K, 34% used [0x0000000080000000,0x000000008eb06df0,0x00000000ab280000)
 Metaspace       used 86847K, committed 88832K, reserved 1179648K
  class space    used 8731K, committed 9728K, reserved 1048576K
}
Event: 2403.941 GC heap after
{Heap after GC invocations=1764 (full 5):
 PSYoungGen      total 12288K, used 4768K [0x00000000d5580000, 0x00000000d6a00000, 0x0000000100000000)
  eden space 7168K, 0% used [0x00000000d5580000,0x00000000d5580000,0x00000000d5c80000)
  from space 5120K, 93% used [0x00000000d5c80000,0x00000000d6128000,0x00000000d6180000)
  to   space 6144K, 0% used [0x00000000d6400000,0x00000000d6400000,0x00000000d6a00000)
 ParOldGen       total 707072K, used 242188K [0x0000000080000000, 0x00000000ab280000, 0x00000000d5580000)
  object space 707072K, 34% used [0x0000000080000000,0x000000008ec830d0,0x00000000ab280000)
 Metaspace       used 86847K, committed 88832K, reserved 1179648K
  class space    used 8731K, committed 9728K, reserved 1048576K
}
Event: 2404.006 GC heap before
{Heap before GC invocations=1765 (full 5):
 PSYoungGen      total 12288K, used 11936K [0x00000000d5580000, 0x00000000d6a00000, 0x0000000100000000)
  eden space 7168K, 100% used [0x00000000d5580000,0x00000000d5c80000,0x00000000d5c80000)
  from space 5120K, 93% used [0x00000000d5c80000,0x00000000d6128000,0x00000000d6180000)
  to   space 6144K, 0% used [0x00000000d6400000,0x00000000d6400000,0x00000000d6a00000)
 ParOldGen       total 707072K, used 242188K [0x0000000080000000, 0x00000000ab280000, 0x00000000d5580000)
  object space 707072K, 34% used [0x0000000080000000,0x000000008ec830d0,0x00000000ab280000)
 Metaspace       used 86847K, committed 88832K, reserved 1179648K
  class space    used 8731K, committed 9728K, reserved 1048576K
}
Event: 2404.034 GC heap after
{Heap after GC invocations=1765 (full 5):
 PSYoungGen      total 11264K, used 2192K [0x00000000d5580000, 0x00000000d6680000, 0x0000000100000000)
  eden space 8704K, 0% used [0x00000000d5580000,0x00000000d5580000,0x00000000d5e00000)
  from space 2560K, 85% used [0x00000000d6400000,0x00000000d6624070,0x00000000d6680000)
  to   space 3584K, 0% used [0x00000000d5f80000,0x00000000d5f80000,0x00000000d6300000)
 ParOldGen       total 707072K, used 246924K [0x0000000080000000, 0x00000000ab280000, 0x00000000d5580000)
  object space 707072K, 34% used [0x0000000080000000,0x000000008f123020,0x00000000ab280000)
 Metaspace       used 86847K, committed 88832K, reserved 1179648K
  class space    used 8731K, committed 9728K, reserved 1048576K
}
Event: 2404.121 GC heap before
{Heap before GC invocations=1766 (full 5):
 PSYoungGen      total 11264K, used 10896K [0x00000000d5580000, 0x00000000d6680000, 0x0000000100000000)
  eden space 8704K, 100% used [0x00000000d5580000,0x00000000d5e00000,0x00000000d5e00000)
  from space 2560K, 85% used [0x00000000d6400000,0x00000000d6624070,0x00000000d6680000)
  to   space 3584K, 0% used [0x00000000d5f80000,0x00000000d5f80000,0x00000000d6300000)
 ParOldGen       total 707072K, used 246924K [0x0000000080000000, 0x00000000ab280000, 0x00000000d5580000)
  object space 707072K, 34% used [0x0000000080000000,0x000000008f123020,0x00000000ab280000)
 Metaspace       used 86847K, committed 88832K, reserved 1179648K
  class space    used 8731K, committed 9728K, reserved 1048576K
}
Event: 2404.127 GC heap after
{Heap after GC invocations=1766 (full 5):
 PSYoungGen      total 10752K, used 2016K [0x00000000d5580000, 0x00000000d6480000, 0x0000000100000000)
  eden space 8704K, 0% used [0x00000000d5580000,0x00000000d5580000,0x00000000d5e00000)
  from space 2048K, 98% used [0x00000000d5f80000,0x00000000d6178000,0x00000000d6180000)
  to   space 2560K, 0% used [0x00000000d6200000,0x00000000d6200000,0x00000000d6480000)
 ParOldGen       total 707072K, used 248931K [0x0000000080000000, 0x00000000ab280000, 0x00000000d5580000)
  object space 707072K, 35% used [0x0000000080000000,0x000000008f318e00,0x00000000ab280000)
 Metaspace       used 86847K, committed 88832K, reserved 1179648K
  class space    used 8731K, committed 9728K, reserved 1048576K
}
Event: 2405.117 GC heap before
{Heap before GC invocations=1767 (full 5):
 PSYoungGen      total 10752K, used 10720K [0x00000000d5580000, 0x00000000d6480000, 0x0000000100000000)
  eden space 8704K, 100% used [0x00000000d5580000,0x00000000d5e00000,0x00000000d5e00000)
  from space 2048K, 98% used [0x00000000d5f80000,0x00000000d6178000,0x00000000d6180000)
  to   space 2560K, 0% used [0x00000000d6200000,0x00000000d6200000,0x00000000d6480000)
 ParOldGen       total 707072K, used 248931K [0x0000000080000000, 0x00000000ab280000, 0x00000000d5580000)
  object space 707072K, 35% used [0x0000000080000000,0x000000008f318e00,0x00000000ab280000)
 Metaspace       used 86958K, committed 88896K, reserved 1179648K
  class space    used 8752K, committed 9728K, reserved 1048576K
}
Event: 2405.130 GC heap after
{Heap after GC invocations=1767 (full 5):
 PSYoungGen      total 9728K, used 763K [0x00000000d5580000, 0x00000000d6300000, 0x0000000100000000)
  eden space 8704K, 0% used [0x00000000d5580000,0x00000000d5580000,0x00000000d5e00000)
  from space 1024K, 74% used [0x00000000d6200000,0x00000000d62bef08,0x00000000d6300000)
  to   space 1536K, 0% used [0x00000000d6000000,0x00000000d6000000,0x00000000d6180000)
 ParOldGen       total 707072K, used 249863K [0x0000000080000000, 0x00000000ab280000, 0x00000000d5580000)
  object space 707072K, 35% used [0x0000000080000000,0x000000008f401e20,0x00000000ab280000)
 Metaspace       used 86958K, committed 88896K, reserved 1179648K
  class space    used 8752K, committed 9728K, reserved 1048576K
}
Event: 2405.691 GC heap before
{Heap before GC invocations=1768 (full 5):
 PSYoungGen      total 9728K, used 9467K [0x00000000d5580000, 0x00000000d6300000, 0x0000000100000000)
  eden space 8704K, 100% used [0x00000000d5580000,0x00000000d5e00000,0x00000000d5e00000)
  from space 1024K, 74% used [0x00000000d6200000,0x00000000d62bef08,0x00000000d6300000)
  to   space 1536K, 0% used [0x00000000d6000000,0x00000000d6000000,0x00000000d6180000)
 ParOldGen       total 707072K, used 249863K [0x0000000080000000, 0x00000000ab280000, 0x00000000d5580000)
  object space 707072K, 35% used [0x0000000080000000,0x000000008f401e20,0x00000000ab280000)
 Metaspace       used 87004K, committed 88960K, reserved 1179648K
  class space    used 8758K, committed 9728K, reserved 1048576K
}
Event: 2405.704 GC heap after
{Heap after GC invocations=1768 (full 5):
 PSYoungGen      total 10240K, used 1533K [0x00000000d5580000, 0x00000000d6a00000, 0x0000000100000000)
  eden space 8704K, 0% used [0x00000000d5580000,0x00000000d5580000,0x00000000d5e00000)
  from space 1536K, 99% used [0x00000000d6000000,0x00000000d617f730,0x00000000d6180000)
  to   space 6144K, 0% used [0x00000000d6400000,0x00000000d6400000,0x00000000d6a00000)
 ParOldGen       total 707072K, used 253397K [0x0000000080000000, 0x00000000ab280000, 0x00000000d5580000)
  object space 707072K, 35% used [0x0000000080000000,0x000000008f7756b8,0x00000000ab280000)
 Metaspace       used 87004K, committed 88960K, reserved 1179648K
  class space    used 8758K, committed 9728K, reserved 1048576K
}
Event: 2406.580 GC heap before
{Heap before GC invocations=1769 (full 5):
 PSYoungGen      total 10240K, used 10237K [0x00000000d5580000, 0x00000000d6a00000, 0x0000000100000000)
  eden space 8704K, 100% used [0x00000000d5580000,0x00000000d5e00000,0x00000000d5e00000)
  from space 1536K, 99% used [0x00000000d6000000,0x00000000d617f730,0x00000000d6180000)
  to   space 6144K, 0% used [0x00000000d6400000,0x00000000d6400000,0x00000000d6a00000)
 ParOldGen       total 707072K, used 253397K [0x0000000080000000, 0x00000000ab280000, 0x00000000d5580000)
  object space 707072K, 35% used [0x0000000080000000,0x000000008f7756b8,0x00000000ab280000)
 Metaspace       used 87766K, committed 89600K, reserved 1179648K
  class space    used 8828K, committed 9728K, reserved 1048576K
}
Event: 2406.584 GC heap after
{Heap after GC invocations=1769 (full 5):
 PSYoungGen      total 9216K, used 320K [0x00000000d5580000, 0x00000000d6480000, 0x0000000100000000)
  eden space 8704K, 0% used [0x00000000d5580000,0x00000000d5580000,0x00000000d5e00000)
  from space 512K, 62% used [0x00000000d6400000,0x00000000d6450020,0x00000000d6480000)
  to   space 2048K, 0% used [0x00000000d6080000,0x00000000d6080000,0x00000000d6280000)
 ParOldGen       total 707072K, used 253469K [0x0000000080000000, 0x00000000ab280000, 0x00000000d5580000)
  object space 707072K, 35% used [0x0000000080000000,0x000000008f7876b8,0x00000000ab280000)
 Metaspace       used 87766K, committed 89600K, reserved 1179648K
  class space    used 8828K, committed 9728K, reserved 1048576K
}

