# JRE version: Java(TM) SE Runtime Environment (25.0.2+10) (build 25.0.2+10-LTS-69)
# Java VM: Java HotSpot(TM) 64-Bit Server VM (25.0.2+10-LTS-69, mixed mode, sharing, tiered, compressed oops, compressed class ptrs, g1 gc, windows-amd64)
GC Precious Log:
 CardTable entry size: 512
 Card Set container configuration: InlinePtr #cards 5 size 8 Array Of Cards #cards 10 size 36 Howl #buckets 4 coarsen threshold 1843 Howl Bitmap #cards 512 size 80 coarsen threshold 460 Card regions per heap region 1 cards per card region 2048
 CPUs: 4 total, 4 available
 Memory: 3863M
 Large Page Support: Disabled
 NUMA Support: Disabled
 Compressed Oops: Enabled (32-bit)
 Heap Region Size: 1M
 Heap Min Capacity: 8M
 Heap Initial Capacity: 62M
 Heap Max Capacity: 966M
 Pre-touch: Disabled
 Parallel Workers: 4
 Concurrent Workers: 1
 Concurrent Refinement Workers: 4
 Periodic GC: Disabled
Heap:
 garbage-first heap   total reserved 989184K, committed 121856K, used 82944K [0x00000000c3a00000, 0x0000000100000000)
  region size 1024K, 26 young (26624K), 6 survivors (6144K)
GC Heap Usage History (20 events):
Event: 11.236 {heap Before GC invocations=14 (full 0):
 garbage-first heap   total reserved 989184K, committed 79872K, used 69035K [0x00000000c3a00000, 0x0000000100000000)
  region size 1024K, 23 young (23552K), 1 survivors (1024K)
}
Event: 11.240 {heap After GC invocations=15 (full 0):
 garbage-first heap   total reserved 989184K, committed 79872K, used 47262K [0x00000000c3a00000, 0x0000000100000000)
  region size 1024K, 2 young (2048K), 2 survivors (2048K)
}
Event: 11.519 {heap Before GC invocations=16 (full 0):
 garbage-first heap   total reserved 989184K, committed 79872K, used 67742K [0x00000000c3a00000, 0x0000000100000000)
  region size 1024K, 25 young (25600K), 2 survivors (2048K)
}
Event: 11.527 {heap After GC invocations=17 (full 0):
 garbage-first heap   total reserved 989184K, committed 79872K, used 45793K [0x00000000c3a00000, 0x0000000100000000)
  region size 1024K, 3 young (3072K), 3 survivors (3072K)
}
Event: 11.688 {heap Before GC invocations=17 (full 0):
 garbage-first heap   total reserved 989184K, committed 79872K, used 71393K [0x00000000c3a00000, 0x0000000100000000)
  region size 1024K, 28 young (28672K), 3 survivors (3072K)
}
Event: 11.701 {heap After GC invocations=18 (full 0):
 garbage-first heap   total reserved 989184K, committed 79872K, used 45160K [0x00000000c3a00000, 0x0000000100000000)
  region size 1024K, 2 young (2048K), 2 survivors (2048K)
}
Event: 11.846 {heap Before GC invocations=18 (full 0):
 garbage-first heap   total reserved 989184K, committed 79872K, used 71784K [0x00000000c3a00000, 0x0000000100000000)
  region size 1024K, 28 young (28672K), 2 survivors (2048K)
}
Event: 11.852 {heap After GC invocations=19 (full 0):
 garbage-first heap   total reserved 989184K, committed 107520K, used 46153K [0x00000000c3a00000, 0x0000000100000000)
  region size 1024K, 3 young (3072K), 3 survivors (3072K)
}
Event: 12.172 {heap Before GC invocations=20 (full 0):
 garbage-first heap   total reserved 989184K, committed 107520K, used 94281K [0x00000000c3a00000, 0x0000000100000000)
  region size 1024K, 50 young (51200K), 3 survivors (3072K)
}
Event: 12.180 {heap After GC invocations=21 (full 0):
 garbage-first heap   total reserved 989184K, committed 107520K, used 45867K [0x00000000c3a00000, 0x0000000100000000)
  region size 1024K, 3 young (3072K), 3 survivors (3072K)
}
Event: 13.974 {heap Before GC invocations=21 (full 0):
 garbage-first heap   total reserved 989184K, committed 107520K, used 97067K [0x00000000c3a00000, 0x0000000100000000)
  region size 1024K, 53 young (54272K), 3 survivors (3072K)
}
Event: 13.993 {heap After GC invocations=22 (full 0):
 garbage-first heap   total reserved 989184K, committed 107520K, used 46918K [0x00000000c3a00000, 0x0000000100000000)
  region size 1024K, 5 young (5120K), 5 survivors (5120K)
}
Event: 14.069 {heap Before GC invocations=22 (full 0):
 garbage-first heap   total reserved 989184K, committed 107520K, used 48966K [0x00000000c3a00000, 0x0000000100000000)
  region size 1024K, 8 young (8192K), 5 survivors (5120K)
}
Event: 14.083 {heap After GC invocations=23 (full 0):
 garbage-first heap   total reserved 989184K, committed 107520K, used 47143K [0x00000000c3a00000, 0x0000000100000000)
  region size 1024K, 4 young (4096K), 4 survivors (4096K)
}
Event: 15.836 {heap Before GC invocations=24 (full 0):
 garbage-first heap   total reserved 989184K, committed 107520K, used 100391K [0x00000000c3a00000, 0x0000000100000000)
  region size 1024K, 53 young (54272K), 4 survivors (4096K)
}
Event: 15.868 {heap After GC invocations=25 (full 0):
 garbage-first heap   total reserved 989184K, committed 121856K, used 66560K [0x00000000c3a00000, 0x0000000100000000)
  region size 1024K, 7 young (7168K), 7 survivors (7168K)
}
Event: 16.798 {heap Before GC invocations=25 (full 0):
 garbage-first heap   total reserved 989184K, committed 121856K, used 102400K [0x00000000c3a00000, 0x0000000100000000)
  region size 1024K, 43 young (44032K), 7 survivors (7168K)
}
Event: 16.810 {heap After GC invocations=26 (full 0):
 garbage-first heap   total reserved 989184K, committed 121856K, used 60547K [0x00000000c3a00000, 0x0000000100000000)
  region size 1024K, 3 young (3072K), 3 survivors (3072K)
}
Event: 22.309 {heap Before GC invocations=26 (full 0):
 garbage-first heap   total reserved 989184K, committed 121856K, used 101507K [0x00000000c3a00000, 0x0000000100000000)
  region size 1024K, 43 young (44032K), 3 survivors (3072K)
}
Event: 22.321 {heap After GC invocations=27 (full 0):
 garbage-first heap   total reserved 989184K, committed 121856K, used 64512K [0x00000000c3a00000, 0x0000000100000000)
  region size 1024K, 6 young (6144K), 6 survivors (6144K)
}

