# JRE version: OpenJDK Runtime Environment Temurin-21.0.10+7 (21.0.10+7) (build 21.0.10+7-LTS)
# Java VM: OpenJDK 64-Bit Server VM Temurin-21.0.10+7 (21.0.10+7-LTS, mixed mode, sharing, tiered, compressed oops, compressed class ptrs, parallel gc, windows-amd64)
GC Precious Log:
 CardTable entry size: 512
 CPUs: 4 total, 4 available
 Memory: 3863M
 Large Page Support: Disabled
 NUMA Support: Disabled
 Compressed Oops: Enabled (32-bit)
 Alignments: Space 512K, Generation 512K, Heap 2M
 Heap Min Capacity: 100M
 Heap Initial Capacity: 100M
 Heap Max Capacity: 2G
 Pre-touch: Disabled
 Parallel Workers: 4
Heap:
 PSYoungGen      total 7680K, used 1455K [0x00000000d5580000, 0x00000000d5e80000, 0x0000000100000000)
  eden space 6144K, 1% used [0x00000000d5580000,0x00000000d559e8c0,0x00000000d5b80000)
  from space 1536K, 86% used [0x00000000d5b80000,0x00000000d5ccd438,0x00000000d5d00000)
  to   space 1536K, 0% used [0x00000000d5d00000,0x00000000d5d00000,0x00000000d5e80000)
 ParOldGen       total 228352K, used 214382K [0x0000000080000000, 0x000000008df00000, 0x00000000d5580000)
  object space 228352K, 93% used [0x0000000080000000,0x000000008d15b860,0x000000008df00000)
 Metaspace       used 64527K, committed 66112K, reserved 1114112K
  class space    used 6708K, committed 7424K, reserved 1048576K
GC Heap History (20 events):
Event: 28.123 GC heap before
{Heap before GC invocations=392 (full 4):
 PSYoungGen      total 4608K, used 4606K [0x00000000d5580000, 0x00000000d5d00000, 0x0000000100000000)
  eden space 3584K, 100% used [0x00000000d5580000,0x00000000d5900000,0x00000000d5900000)
  from space 1024K, 99% used [0x00000000d5900000,0x00000000d59ff918,0x00000000d5a00000)
  to   space 1536K, 0% used [0x00000000d5b80000,0x00000000d5b80000,0x00000000d5d00000)
 ParOldGen       total 228352K, used 199876K [0x0000000080000000, 0x000000008df00000, 0x00000000d5580000)
  object space 228352K, 87% used [0x0000000080000000,0x000000008c3313a8,0x000000008df00000)
 Metaspace       used 64521K, committed 66112K, reserved 1114112K
  class space    used 6708K, committed 7424K, reserved 1048576K
}
Event: 28.125 GC heap after
{Heap after GC invocations=392 (full 4):
 PSYoungGen      total 5632K, used 800K [0x00000000d5580000, 0x00000000d5c80000, 0x0000000100000000)
  eden space 4608K, 0% used [0x00000000d5580000,0x00000000d5580000,0x00000000d5a00000)
  from space 1024K, 78% used [0x00000000d5b80000,0x00000000d5c48000,0x00000000d5c80000)
  to   space 1024K, 0% used [0x00000000d5a80000,0x00000000d5a80000,0x00000000d5b80000)
 ParOldGen       total 228352K, used 200833K [0x0000000080000000, 0x000000008df00000, 0x00000000d5580000)
  object space 228352K, 87% used [0x0000000080000000,0x000000008c420750,0x000000008df00000)
 Metaspace       used 64521K, committed 66112K, reserved 1114112K
  class space    used 6708K, committed 7424K, reserved 1048576K
}
Event: 28.168 GC heap before
{Heap before GC invocations=393 (full 4):
 PSYoungGen      total 5632K, used 5408K [0x00000000d5580000, 0x00000000d5c80000, 0x0000000100000000)
  eden space 4608K, 100% used [0x00000000d5580000,0x00000000d5a00000,0x00000000d5a00000)
  from space 1024K, 78% used [0x00000000d5b80000,0x00000000d5c48000,0x00000000d5c80000)
  to   space 1024K, 0% used [0x00000000d5a80000,0x00000000d5a80000,0x00000000d5b80000)
 ParOldGen       total 228352K, used 200833K [0x0000000080000000, 0x000000008df00000, 0x00000000d5580000)
  object space 228352K, 87% used [0x0000000080000000,0x000000008c420750,0x000000008df00000)
 Metaspace       used 64521K, committed 66112K, reserved 1114112K
  class space    used 6708K, committed 7424K, reserved 1048576K
}
Event: 28.171 GC heap after
{Heap after GC invocations=393 (full 4):
 PSYoungGen      total 6144K, used 996K [0x00000000d5580000, 0x00000000d5f00000, 0x0000000100000000)
  eden space 5120K, 0% used [0x00000000d5580000,0x00000000d5580000,0x00000000d5a80000)
  from space 1024K, 97% used [0x00000000d5a80000,0x00000000d5b79170,0x00000000d5b80000)
  to   space 2048K, 0% used [0x00000000d5d00000,0x00000000d5d00000,0x00000000d5f00000)
 ParOldGen       total 228352K, used 201639K [0x0000000080000000, 0x000000008df00000, 0x00000000d5580000)
  object space 228352K, 88% used [0x0000000080000000,0x000000008c4e9d98,0x000000008df00000)
 Metaspace       used 64521K, committed 66112K, reserved 1114112K
  class space    used 6708K, committed 7424K, reserved 1048576K
}
Event: 28.242 GC heap before
{Heap before GC invocations=394 (full 4):
 PSYoungGen      total 6144K, used 6116K [0x00000000d5580000, 0x00000000d5f00000, 0x0000000100000000)
  eden space 5120K, 100% used [0x00000000d5580000,0x00000000d5a80000,0x00000000d5a80000)
  from space 1024K, 97% used [0x00000000d5a80000,0x00000000d5b79170,0x00000000d5b80000)
  to   space 2048K, 0% used [0x00000000d5d00000,0x00000000d5d00000,0x00000000d5f00000)
 ParOldGen       total 228352K, used 201639K [0x0000000080000000, 0x000000008df00000, 0x00000000d5580000)
  object space 228352K, 88% used [0x0000000080000000,0x000000008c4e9d98,0x000000008df00000)
 Metaspace       used 64521K, committed 66112K, reserved 1114112K
  class space    used 6708K, committed 7424K, reserved 1048576K
}
Event: 28.244 GC heap after
{Heap after GC invocations=394 (full 4):
 PSYoungGen      total 7680K, used 1126K [0x00000000d5580000, 0x00000000d5e80000, 0x0000000100000000)
  eden space 6144K, 0% used [0x00000000d5580000,0x00000000d5580000,0x00000000d5b80000)
  from space 1536K, 73% used [0x00000000d5d00000,0x00000000d5e19bc0,0x00000000d5e80000)
  to   space 1536K, 0% used [0x00000000d5b80000,0x00000000d5b80000,0x00000000d5d00000)
 ParOldGen       total 228352K, used 202596K [0x0000000080000000, 0x000000008df00000, 0x00000000d5580000)
  object space 228352K, 88% used [0x0000000080000000,0x000000008c5d91f8,0x000000008df00000)
 Metaspace       used 64521K, committed 66112K, reserved 1114112K
  class space    used 6708K, committed 7424K, reserved 1048576K
}
Event: 28.288 GC heap before
{Heap before GC invocations=395 (full 4):
 PSYoungGen      total 7680K, used 7270K [0x00000000d5580000, 0x00000000d5e80000, 0x0000000100000000)
  eden space 6144K, 100% used [0x00000000d5580000,0x00000000d5b80000,0x00000000d5b80000)
  from space 1536K, 73% used [0x00000000d5d00000,0x00000000d5e19bc0,0x00000000d5e80000)
  to   space 1536K, 0% used [0x00000000d5b80000,0x00000000d5b80000,0x00000000d5d00000)
 ParOldGen       total 228352K, used 202596K [0x0000000080000000, 0x000000008df00000, 0x00000000d5580000)
  object space 228352K, 88% used [0x0000000080000000,0x000000008c5d91f8,0x000000008df00000)
 Metaspace       used 64522K, committed 66112K, reserved 1114112K
  class space    used 6708K, committed 7424K, reserved 1048576K
}
Event: 28.292 GC heap after
{Heap after GC invocations=395 (full 4):
 PSYoungGen      total 7680K, used 1308K [0x00000000d5580000, 0x00000000d6000000, 0x0000000100000000)
  eden space 6144K, 0% used [0x00000000d5580000,0x00000000d5580000,0x00000000d5b80000)
  from space 1536K, 85% used [0x00000000d5b80000,0x00000000d5cc72e8,0x00000000d5d00000)
  to   space 1536K, 0% used [0x00000000d5e80000,0x00000000d5e80000,0x00000000d6000000)
 ParOldGen       total 228352K, used 203682K [0x0000000080000000, 0x000000008df00000, 0x00000000d5580000)
  object space 228352K, 89% used [0x0000000080000000,0x000000008c6e8810,0x000000008df00000)
 Metaspace       used 64522K, committed 66112K, reserved 1114112K
  class space    used 6708K, committed 7424K, reserved 1048576K
}
Event: 28.340 GC heap before
{Heap before GC invocations=396 (full 4):
 PSYoungGen      total 7680K, used 7452K [0x00000000d5580000, 0x00000000d6000000, 0x0000000100000000)
  eden space 6144K, 100% used [0x00000000d5580000,0x00000000d5b80000,0x00000000d5b80000)
  from space 1536K, 85% used [0x00000000d5b80000,0x00000000d5cc72e8,0x00000000d5d00000)
  to   space 1536K, 0% used [0x00000000d5e80000,0x00000000d5e80000,0x00000000d6000000)
 ParOldGen       total 228352K, used 203682K [0x0000000080000000, 0x000000008df00000, 0x00000000d5580000)
  object space 228352K, 89% used [0x0000000080000000,0x000000008c6e8810,0x000000008df00000)
 Metaspace       used 64522K, committed 66112K, reserved 1114112K
  class space    used 6708K, committed 7424K, reserved 1048576K
}
Event: 28.342 GC heap after
{Heap after GC invocations=396 (full 4):
 PSYoungGen      total 7680K, used 1440K [0x00000000d5580000, 0x00000000d6000000, 0x0000000100000000)
  eden space 6144K, 0% used [0x00000000d5580000,0x00000000d5580000,0x00000000d5b80000)
  from space 1536K, 93% used [0x00000000d5e80000,0x00000000d5fe8000,0x00000000d6000000)
  to   space 1536K, 0% used [0x00000000d5b80000,0x00000000d5b80000,0x00000000d5d00000)
 ParOldGen       total 228352K, used 204925K [0x0000000080000000, 0x000000008df00000, 0x00000000d5580000)
  object space 228352K, 89% used [0x0000000080000000,0x000000008c81f6b0,0x000000008df00000)
 Metaspace       used 64522K, committed 66112K, reserved 1114112K
  class space    used 6708K, committed 7424K, reserved 1048576K
}
Event: 28.376 GC heap before
{Heap before GC invocations=397 (full 4):
 PSYoungGen      total 7680K, used 7584K [0x00000000d5580000, 0x00000000d6000000, 0x0000000100000000)
  eden space 6144K, 100% used [0x00000000d5580000,0x00000000d5b80000,0x00000000d5b80000)
  from space 1536K, 93% used [0x00000000d5e80000,0x00000000d5fe8000,0x00000000d6000000)
  to   space 1536K, 0% used [0x00000000d5b80000,0x00000000d5b80000,0x00000000d5d00000)
 ParOldGen       total 228352K, used 204925K [0x0000000080000000, 0x000000008df00000, 0x00000000d5580000)
  object space 228352K, 89% used [0x0000000080000000,0x000000008c81f6b0,0x000000008df00000)
 Metaspace       used 64522K, committed 66112K, reserved 1114112K
  class space    used 6708K, committed 7424K, reserved 1048576K
}
Event: 28.380 GC heap after
{Heap after GC invocations=397 (full 4):
 PSYoungGen      total 7680K, used 1332K [0x00000000d5580000, 0x00000000d5f00000, 0x0000000100000000)
  eden space 6144K, 0% used [0x00000000d5580000,0x00000000d5580000,0x00000000d5b80000)
  from space 1536K, 86% used [0x00000000d5b80000,0x00000000d5ccd1f0,0x00000000d5d00000)
  to   space 1536K, 0% used [0x00000000d5d80000,0x00000000d5d80000,0x00000000d5f00000)
 ParOldGen       total 228352K, used 206288K [0x0000000080000000, 0x000000008df00000, 0x00000000d5580000)
  object space 228352K, 90% used [0x0000000080000000,0x000000008c974028,0x000000008df00000)
 Metaspace       used 64522K, committed 66112K, reserved 1114112K
  class space    used 6708K, committed 7424K, reserved 1048576K
}
Event: 28.424 GC heap before
{Heap before GC invocations=398 (full 4):
 PSYoungGen      total 7680K, used 7476K [0x00000000d5580000, 0x00000000d5f00000, 0x0000000100000000)
  eden space 6144K, 100% used [0x00000000d5580000,0x00000000d5b80000,0x00000000d5b80000)
  from space 1536K, 86% used [0x00000000d5b80000,0x00000000d5ccd1f0,0x00000000d5d00000)
  to   space 1536K, 0% used [0x00000000d5d80000,0x00000000d5d80000,0x00000000d5f00000)
 ParOldGen       total 228352K, used 206288K [0x0000000080000000, 0x000000008df00000, 0x00000000d5580000)
  object space 228352K, 90% used [0x0000000080000000,0x000000008c974028,0x000000008df00000)
 Metaspace       used 64522K, committed 66112K, reserved 1114112K
  class space    used 6708K, committed 7424K, reserved 1048576K
}
Event: 28.494 GC heap after
{Heap after GC invocations=398 (full 4):
 PSYoungGen      total 7680K, used 1513K [0x00000000d5580000, 0x00000000d5f00000, 0x0000000100000000)
  eden space 6144K, 0% used [0x00000000d5580000,0x00000000d5580000,0x00000000d5b80000)
  from space 1536K, 98% used [0x00000000d5d80000,0x00000000d5efa450,0x00000000d5f00000)
  to   space 1536K, 0% used [0x00000000d5b80000,0x00000000d5b80000,0x00000000d5d00000)
 ParOldGen       total 228352K, used 207714K [0x0000000080000000, 0x000000008df00000, 0x00000000d5580000)
  object space 228352K, 90% used [0x0000000080000000,0x000000008cad8a90,0x000000008df00000)
 Metaspace       used 64522K, committed 66112K, reserved 1114112K
  class space    used 6708K, committed 7424K, reserved 1048576K
}
Event: 28.523 GC heap before
{Heap before GC invocations=399 (full 4):
 PSYoungGen      total 7680K, used 7657K [0x00000000d5580000, 0x00000000d5f00000, 0x0000000100000000)
  eden space 6144K, 100% used [0x00000000d5580000,0x00000000d5b80000,0x00000000d5b80000)
  from space 1536K, 98% used [0x00000000d5d80000,0x00000000d5efa450,0x00000000d5f00000)
  to   space 1536K, 0% used [0x00000000d5b80000,0x00000000d5b80000,0x00000000d5d00000)
 ParOldGen       total 228352K, used 207714K [0x0000000080000000, 0x000000008df00000, 0x00000000d5580000)
  object space 228352K, 90% used [0x0000000080000000,0x000000008cad8a90,0x000000008df00000)
 Metaspace       used 64522K, committed 66112K, reserved 1114112K
  class space    used 6708K, committed 7424K, reserved 1048576K
}
Event: 28.526 GC heap after
{Heap after GC invocations=399 (full 4):
 PSYoungGen      total 7680K, used 1376K [0x00000000d5580000, 0x00000000d5f80000, 0x0000000100000000)
  eden space 6144K, 0% used [0x00000000d5580000,0x00000000d5580000,0x00000000d5b80000)
  from space 1536K, 89% used [0x00000000d5b80000,0x00000000d5cd80b8,0x00000000d5d00000)
  to   space 2048K, 0% used [0x00000000d5d80000,0x00000000d5d80000,0x00000000d5f80000)
 ParOldGen       total 228352K, used 209235K [0x0000000080000000, 0x000000008df00000, 0x00000000d5580000)
  object space 228352K, 91% used [0x0000000080000000,0x000000008cc54fc8,0x000000008df00000)
 Metaspace       used 64522K, committed 66112K, reserved 1114112K
  class space    used 6708K, committed 7424K, reserved 1048576K
}
Event: 28.544 GC heap before
{Heap before GC invocations=400 (full 4):
 PSYoungGen      total 7680K, used 7520K [0x00000000d5580000, 0x00000000d5f80000, 0x0000000100000000)
  eden space 6144K, 100% used [0x00000000d5580000,0x00000000d5b80000,0x00000000d5b80000)
  from space 1536K, 89% used [0x00000000d5b80000,0x00000000d5cd80b8,0x00000000d5d00000)
  to   space 2048K, 0% used [0x00000000d5d80000,0x00000000d5d80000,0x00000000d5f80000)
 ParOldGen       total 228352K, used 209235K [0x0000000080000000, 0x000000008df00000, 0x00000000d5580000)
  object space 228352K, 91% used [0x0000000080000000,0x000000008cc54fc8,0x000000008df00000)
 Metaspace       used 64522K, committed 66112K, reserved 1114112K
  class space    used 6708K, committed 7424K, reserved 1048576K
}
Event: 28.546 GC heap after
{Heap after GC invocations=400 (full 4):
 PSYoungGen      total 7680K, used 1386K [0x00000000d5580000, 0x00000000d5f00000, 0x0000000100000000)
  eden space 6144K, 0% used [0x00000000d5580000,0x00000000d5580000,0x00000000d5b80000)
  from space 1536K, 90% used [0x00000000d5d80000,0x00000000d5eda8a0,0x00000000d5f00000)
  to   space 1536K, 0% used [0x00000000d5b80000,0x00000000d5b80000,0x00000000d5d00000)
 ParOldGen       total 228352K, used 210564K [0x0000000080000000, 0x000000008df00000, 0x00000000d5580000)
  object space 228352K, 92% used [0x0000000080000000,0x000000008cda11a8,0x000000008df00000)
 Metaspace       used 64522K, committed 66112K, reserved 1114112K
  class space    used 6708K, committed 7424K, reserved 1048576K
}
Event: 28.564 GC heap before
{Heap before GC invocations=401 (full 4):
 PSYoungGen      total 7680K, used 7530K [0x00000000d5580000, 0x00000000d5f00000, 0x0000000100000000)
  eden space 6144K, 100% used [0x00000000d5580000,0x00000000d5b80000,0x00000000d5b80000)
  from space 1536K, 90% used [0x00000000d5d80000,0x00000000d5eda8a0,0x00000000d5f00000)
  to   space 1536K, 0% used [0x00000000d5b80000,0x00000000d5b80000,0x00000000d5d00000)
 ParOldGen       total 228352K, used 210564K [0x0000000080000000, 0x000000008df00000, 0x00000000d5580000)
  object space 228352K, 92% used [0x0000000080000000,0x000000008cda11a8,0x000000008df00000)
 Metaspace       used 64522K, committed 66112K, reserved 1114112K
  class space    used 6708K, committed 7424K, reserved 1048576K
}
Event: 28.567 GC heap after
{Heap after GC invocations=401 (full 4):
 PSYoungGen      total 7680K, used 1314K [0x00000000d5580000, 0x00000000d5e80000, 0x0000000100000000)
  eden space 6144K, 0% used [0x00000000d5580000,0x00000000d5580000,0x00000000d5b80000)
  from space 1536K, 85% used [0x00000000d5b80000,0x00000000d5cc88b0,0x00000000d5d00000)
  to   space 1536K, 0% used [0x00000000d5d00000,0x00000000d5d00000,0x00000000d5e80000)
 ParOldGen       total 228352K, used 211864K [0x0000000080000000, 0x000000008df00000, 0x00000000d5580000)
  object space 228352K, 92% used [0x0000000080000000,0x000000008cee6248,0x000000008df00000)
 Metaspace       used 64522K, committed 66112K, reserved 1114112K
  class space    used 6708K, committed 7424K, reserved 1048576K
}

