# JRE version: OpenJDK Runtime Environment Temurin-21.0.10+7 (21.0.10+7) (build 21.0.10+7-LTS)
# Java VM: OpenJDK 64-Bit Server VM Temurin-21.0.10+7 (21.0.10+7-LTS, mixed mode, sharing, tiered, compressed oops, compressed class ptrs, parallel gc, windows-amd64)
GC Precious Log:
 CardTable entry size: 512
 CPUs: 4 total, 4 available
 Memory: 3863M
 Large Page Support: Disabled
 NUMA Support: Disabled
 Compressed Oops: Enabled (32-bit)
 Alignments: Space 512K, Generation 512K, Heap 2M
 Heap Min Capacity: 100M
 Heap Initial Capacity: 100M
 Heap Max Capacity: 2G
 Pre-touch: Disabled
 Parallel Workers: 4
Heap:
 PSYoungGen      total 7680K, used 7388K [0x00000000d5580000, 0x00000000d5e00000, 0x0000000100000000)
  eden space 6656K, 99% used [0x00000000d5580000,0x00000000d5bff2d8,0x00000000d5c00000)
  from space 1024K, 71% used [0x00000000d5c00000,0x00000000d5cb8000,0x00000000d5d00000)
  to   space 1024K, 98% used [0x00000000d5d00000,0x00000000d5dfd088,0x00000000d5e00000)
 ParOldGen       total 1266688K, used 1266687K [0x0000000080000000, 0x00000000cd500000, 0x00000000d5580000)
  object space 1266688K, 99% used [0x0000000080000000,0x00000000cd4fff48,0x00000000cd500000)
 Metaspace       used 87574K, committed 89408K, reserved 1179648K
  class space    used 8585K, committed 9472K, reserved 1048576K
GC Heap History (20 events):
Event: 814.380 GC heap before
{Heap before GC invocations=6936 (full 8):
 PSYoungGen      total 8192K, used 8163K [0x00000000d5580000, 0x00000000d6300000, 0x0000000100000000)
  eden space 6656K, 100% used [0x00000000d5580000,0x00000000d5c00000,0x00000000d5c00000)
  from space 1536K, 98% used [0x00000000d5c80000,0x00000000d5df8d20,0x00000000d5e00000)
  to   space 3584K, 0% used [0x00000000d5f80000,0x00000000d5f80000,0x00000000d6300000)
 ParOldGen       total 1257472K, used 1257032K [0x0000000080000000, 0x00000000ccc00000, 0x00000000d5580000)
  object space 1257472K, 99% used [0x0000000080000000,0x00000000ccb92310,0x00000000ccc00000)
 Metaspace       used 87570K, committed 89408K, reserved 1179648K
  class space    used 8585K, committed 9472K, reserved 1048576K
}
Event: 814.385 GC heap after
{Heap after GC invocations=6936 (full 8):
 PSYoungGen      total 8192K, used 1442K [0x00000000d5580000, 0x00000000d6100000, 0x0000000100000000)
  eden space 6656K, 0% used [0x00000000d5580000,0x00000000d5580000,0x00000000d5c00000)
  from space 1536K, 93% used [0x00000000d5f80000,0x00000000d60e8b28,0x00000000d6100000)
  to   space 2560K, 0% used [0x00000000d5c00000,0x00000000d5c00000,0x00000000d5e80000)
 ParOldGen       total 1259008K, used 1258539K [0x0000000080000000, 0x00000000ccd80000, 0x00000000d5580000)
  object space 1259008K, 99% used [0x0000000080000000,0x00000000ccd0acb0,0x00000000ccd80000)
 Metaspace       used 87570K, committed 89408K, reserved 1179648K
  class space    used 8585K, committed 9472K, reserved 1048576K
}
Event: 814.428 GC heap before
{Heap before GC invocations=6937 (full 8):
 PSYoungGen      total 8192K, used 8098K [0x00000000d5580000, 0x00000000d6100000, 0x0000000100000000)
  eden space 6656K, 100% used [0x00000000d5580000,0x00000000d5c00000,0x00000000d5c00000)
  from space 1536K, 93% used [0x00000000d5f80000,0x00000000d60e8b28,0x00000000d6100000)
  to   space 2560K, 0% used [0x00000000d5c00000,0x00000000d5c00000,0x00000000d5e80000)
 ParOldGen       total 1259008K, used 1258539K [0x0000000080000000, 0x00000000ccd80000, 0x00000000d5580000)
  object space 1259008K, 99% used [0x0000000080000000,0x00000000ccd0acb0,0x00000000ccd80000)
 Metaspace       used 87570K, committed 89408K, reserved 1179648K
  class space    used 8585K, committed 9472K, reserved 1048576K
}
Event: 814.435 GC heap after
{Heap after GC invocations=6937 (full 8):
 PSYoungGen      total 8704K, used 1605K [0x00000000d5580000, 0x00000000d6000000, 0x0000000100000000)
  eden space 6656K, 0% used [0x00000000d5580000,0x00000000d5580000,0x00000000d5c00000)
  from space 2048K, 78% used [0x00000000d5c00000,0x00000000d5d914f0,0x00000000d5e00000)
  to   space 2048K, 0% used [0x00000000d5e00000,0x00000000d5e00000,0x00000000d6000000)
 ParOldGen       total 1260032K, used 1259898K [0x0000000080000000, 0x00000000cce80000, 0x00000000d5580000)
  object space 1260032K, 99% used [0x0000000080000000,0x00000000cce5e9e8,0x00000000cce80000)
 Metaspace       used 87570K, committed 89408K, reserved 1179648K
  class space    used 8585K, committed 9472K, reserved 1048576K
}
Event: 814.466 GC heap before
{Heap before GC invocations=6938 (full 8):
 PSYoungGen      total 8704K, used 8261K [0x00000000d5580000, 0x00000000d6000000, 0x0000000100000000)
  eden space 6656K, 100% used [0x00000000d5580000,0x00000000d5c00000,0x00000000d5c00000)
  from space 2048K, 78% used [0x00000000d5c00000,0x00000000d5d914f0,0x00000000d5e00000)
  to   space 2048K, 0% used [0x00000000d5e00000,0x00000000d5e00000,0x00000000d6000000)
 ParOldGen       total 1260032K, used 1259898K [0x0000000080000000, 0x00000000cce80000, 0x00000000d5580000)
  object space 1260032K, 99% used [0x0000000080000000,0x00000000cce5e9e8,0x00000000cce80000)
 Metaspace       used 87570K, committed 89408K, reserved 1179648K
  class space    used 8585K, committed 9472K, reserved 1048576K
}
Event: 814.471 GC heap after
{Heap after GC invocations=6938 (full 8):
 PSYoungGen      total 7680K, used 576K [0x00000000d5580000, 0x00000000d5f00000, 0x0000000100000000)
  eden space 6656K, 0% used [0x00000000d5580000,0x00000000d5580000,0x00000000d5c00000)
  from space 1024K, 56% used [0x00000000d5e00000,0x00000000d5e90000,0x00000000d5f00000)
  to   space 1024K, 0% used [0x00000000d5d00000,0x00000000d5d00000,0x00000000d5e00000)
 ParOldGen       total 1261568K, used 1261453K [0x0000000080000000, 0x00000000cd000000, 0x00000000d5580000)
  object space 1261568K, 99% used [0x0000000080000000,0x00000000ccfe3508,0x00000000cd000000)
 Metaspace       used 87570K, committed 89408K, reserved 1179648K
  class space    used 8585K, committed 9472K, reserved 1048576K
}
Event: 814.621 GC heap before
{Heap before GC invocations=6939 (full 8):
 PSYoungGen      total 7680K, used 7231K [0x00000000d5580000, 0x00000000d5f00000, 0x0000000100000000)
  eden space 6656K, 99% used [0x00000000d5580000,0x00000000d5bfffc8,0x00000000d5c00000)
  from space 1024K, 56% used [0x00000000d5e00000,0x00000000d5e90000,0x00000000d5f00000)
  to   space 1024K, 0% used [0x00000000d5d00000,0x00000000d5d00000,0x00000000d5e00000)
 ParOldGen       total 1261568K, used 1261453K [0x0000000080000000, 0x00000000cd000000, 0x00000000d5580000)
  object space 1261568K, 99% used [0x0000000080000000,0x00000000ccfe3508,0x00000000cd000000)
 Metaspace       used 87571K, committed 89408K, reserved 1179648K
  class space    used 8585K, committed 9472K, reserved 1048576K
}
Event: 814.629 GC heap after
{Heap after GC invocations=6939 (full 8):
 PSYoungGen      total 7680K, used 852K [0x00000000d5580000, 0x00000000d5e80000, 0x0000000100000000)
  eden space 6656K, 0% used [0x00000000d5580000,0x00000000d5580000,0x00000000d5c00000)
  from space 1024K, 83% used [0x00000000d5d00000,0x00000000d5dd5200,0x00000000d5e00000)
  to   space 512K, 0% used [0x00000000d5e00000,0x00000000d5e00000,0x00000000d5e80000)
 ParOldGen       total 1262080K, used 1261957K [0x0000000080000000, 0x00000000cd080000, 0x00000000d5580000)
  object space 1262080K, 99% used [0x0000000080000000,0x00000000cd061588,0x00000000cd080000)
 Metaspace       used 87571K, committed 89408K, reserved 1179648K
  class space    used 8585K, committed 9472K, reserved 1048576K
}
Event: 814.650 GC heap before
{Heap before GC invocations=6940 (full 8):
 PSYoungGen      total 7680K, used 7508K [0x00000000d5580000, 0x00000000d5e80000, 0x0000000100000000)
  eden space 6656K, 100% used [0x00000000d5580000,0x00000000d5c00000,0x00000000d5c00000)
  from space 1024K, 83% used [0x00000000d5d00000,0x00000000d5dd5200,0x00000000d5e00000)
  to   space 512K, 0% used [0x00000000d5e00000,0x00000000d5e00000,0x00000000d5e80000)
 ParOldGen       total 1262080K, used 1261957K [0x0000000080000000, 0x00000000cd080000, 0x00000000d5580000)
  object space 1262080K, 99% used [0x0000000080000000,0x00000000cd061588,0x00000000cd080000)
 Metaspace       used 87571K, committed 89408K, reserved 1179648K
  class space    used 8585K, committed 9472K, reserved 1048576K
}
Event: 814.654 GC heap after
{Heap after GC invocations=6940 (full 8):
 PSYoungGen      total 7168K, used 512K [0x00000000d5580000, 0x00000000d5e80000, 0x0000000100000000)
  eden space 6656K, 0% used [0x00000000d5580000,0x00000000d5580000,0x00000000d5c00000)
  from space 512K, 100% used [0x00000000d5e00000,0x00000000d5e80000,0x00000000d5e80000)
  to   space 1024K, 0% used [0x00000000d5c80000,0x00000000d5c80000,0x00000000d5d80000)
 ParOldGen       total 1263104K, used 1262734K [0x0000000080000000, 0x00000000cd180000, 0x00000000d5580000)
  object space 1263104K, 99% used [0x0000000080000000,0x00000000cd123918,0x00000000cd180000)
 Metaspace       used 87571K, committed 89408K, reserved 1179648K
  class space    used 8585K, committed 9472K, reserved 1048576K
}
Event: 814.689 GC heap before
{Heap before GC invocations=6941 (full 8):
 PSYoungGen      total 7168K, used 7168K [0x00000000d5580000, 0x00000000d5e80000, 0x0000000100000000)
  eden space 6656K, 100% used [0x00000000d5580000,0x00000000d5c00000,0x00000000d5c00000)
  from space 512K, 100% used [0x00000000d5e00000,0x00000000d5e80000,0x00000000d5e80000)
  to   space 1024K, 0% used [0x00000000d5c80000,0x00000000d5c80000,0x00000000d5d80000)
 ParOldGen       total 1263104K, used 1262734K [0x0000000080000000, 0x00000000cd180000, 0x00000000d5580000)
  object space 1263104K, 99% used [0x0000000080000000,0x00000000cd123918,0x00000000cd180000)
 Metaspace       used 87574K, committed 89408K, reserved 1179648K
  class space    used 8585K, committed 9472K, reserved 1048576K
}
Event: 814.693 GC heap after
{Heap after GC invocations=6941 (full 8):
 PSYoungGen      total 7680K, used 596K [0x00000000d5580000, 0x00000000d5e80000, 0x0000000100000000)
  eden space 6656K, 0% used [0x00000000d5580000,0x00000000d5580000,0x00000000d5c00000)
  from space 1024K, 58% used [0x00000000d5c80000,0x00000000d5d15200,0x00000000d5d80000)
  to   space 1024K, 0% used [0x00000000d5d80000,0x00000000d5d80000,0x00000000d5e80000)
 ParOldGen       total 1263616K, used 1263158K [0x0000000080000000, 0x00000000cd200000, 0x00000000d5580000)
  object space 1263616K, 99% used [0x0000000080000000,0x00000000cd18d998,0x00000000cd200000)
 Metaspace       used 87574K, committed 89408K, reserved 1179648K
  class space    used 8585K, committed 9472K, reserved 1048576K
}
Event: 814.706 GC heap before
{Heap before GC invocations=6942 (full 8):
 PSYoungGen      total 7680K, used 7252K [0x00000000d5580000, 0x00000000d5e80000, 0x0000000100000000)
  eden space 6656K, 100% used [0x00000000d5580000,0x00000000d5c00000,0x00000000d5c00000)
  from space 1024K, 58% used [0x00000000d5c80000,0x00000000d5d15200,0x00000000d5d80000)
  to   space 1024K, 0% used [0x00000000d5d80000,0x00000000d5d80000,0x00000000d5e80000)
 ParOldGen       total 1263616K, used 1263158K [0x0000000080000000, 0x00000000cd200000, 0x00000000d5580000)
  object space 1263616K, 99% used [0x0000000080000000,0x00000000cd18d998,0x00000000cd200000)
 Metaspace       used 87574K, committed 89408K, reserved 1179648K
  class space    used 8585K, committed 9472K, reserved 1048576K
}
Event: 814.710 GC heap after
{Heap after GC invocations=6942 (full 8):
 PSYoungGen      total 7680K, used 720K [0x00000000d5580000, 0x00000000d5e80000, 0x0000000100000000)
  eden space 6656K, 0% used [0x00000000d5580000,0x00000000d5580000,0x00000000d5c00000)
  from space 1024K, 70% used [0x00000000d5d80000,0x00000000d5e34010,0x00000000d5e80000)
  to   space 1024K, 0% used [0x00000000d5c80000,0x00000000d5c80000,0x00000000d5d80000)
 ParOldGen       total 1264128K, used 1263695K [0x0000000080000000, 0x00000000cd280000, 0x00000000d5580000)
  object space 1264128K, 99% used [0x0000000080000000,0x00000000cd213cf8,0x00000000cd280000)
 Metaspace       used 87574K, committed 89408K, reserved 1179648K
  class space    used 8585K, committed 9472K, reserved 1048576K
}
Event: 814.732 GC heap before
{Heap before GC invocations=6943 (full 8):
 PSYoungGen      total 7680K, used 7376K [0x00000000d5580000, 0x00000000d5e80000, 0x0000000100000000)
  eden space 6656K, 100% used [0x00000000d5580000,0x00000000d5c00000,0x00000000d5c00000)
  from space 1024K, 70% used [0x00000000d5d80000,0x00000000d5e34010,0x00000000d5e80000)
  to   space 1024K, 0% used [0x00000000d5c80000,0x00000000d5c80000,0x00000000d5d80000)
 ParOldGen       total 1264128K, used 1263695K [0x0000000080000000, 0x00000000cd280000, 0x00000000d5580000)
  object space 1264128K, 99% used [0x0000000080000000,0x00000000cd213cf8,0x00000000cd280000)
 Metaspace       used 87574K, committed 89408K, reserved 1179648K
  class space    used 8585K, committed 9472K, reserved 1048576K
}
Event: 814.735 GC heap after
{Heap after GC invocations=6943 (full 8):
 PSYoungGen      total 7680K, used 692K [0x00000000d5580000, 0x00000000d5e00000, 0x0000000100000000)
  eden space 6656K, 0% used [0x00000000d5580000,0x00000000d5580000,0x00000000d5c00000)
  from space 1024K, 67% used [0x00000000d5c80000,0x00000000d5d2d200,0x00000000d5d80000)
  to   space 512K, 0% used [0x00000000d5d80000,0x00000000d5d80000,0x00000000d5e00000)
 ParOldGen       total 1264640K, used 1264379K [0x0000000080000000, 0x00000000cd300000, 0x00000000d5580000)
  object space 1264640K, 99% used [0x0000000080000000,0x00000000cd2bed78,0x00000000cd300000)
 Metaspace       used 87574K, committed 89408K, reserved 1179648K
  class space    used 8585K, committed 9472K, reserved 1048576K
}
Event: 814.751 GC heap before
{Heap before GC invocations=6944 (full 8):
 PSYoungGen      total 7680K, used 7348K [0x00000000d5580000, 0x00000000d5e00000, 0x0000000100000000)
  eden space 6656K, 100% used [0x00000000d5580000,0x00000000d5c00000,0x00000000d5c00000)
  from space 1024K, 67% used [0x00000000d5c80000,0x00000000d5d2d200,0x00000000d5d80000)
  to   space 512K, 0% used [0x00000000d5d80000,0x00000000d5d80000,0x00000000d5e00000)
 ParOldGen       total 1264640K, used 1264379K [0x0000000080000000, 0x00000000cd300000, 0x00000000d5580000)
  object space 1264640K, 99% used [0x0000000080000000,0x00000000cd2bed78,0x00000000cd300000)
 Metaspace       used 87574K, committed 89408K, reserved 1179648K
  class space    used 8585K, committed 9472K, reserved 1048576K
}
Event: 814.755 GC heap after
{Heap after GC invocations=6944 (full 8):
 PSYoungGen      total 7168K, used 512K [0x00000000d5580000, 0x00000000d5f00000, 0x0000000100000000)
  eden space 6656K, 0% used [0x00000000d5580000,0x00000000d5580000,0x00000000d5c00000)
  from space 512K, 100% used [0x00000000d5d80000,0x00000000d5e00000,0x00000000d5e00000)
  to   space 1536K, 0% used [0x00000000d5c00000,0x00000000d5c00000,0x00000000d5d80000)
 ParOldGen       total 1265664K, used 1265190K [0x0000000080000000, 0x00000000cd400000, 0x00000000d5580000)
  object space 1265664K, 99% used [0x0000000080000000,0x00000000cd389b18,0x00000000cd400000)
 Metaspace       used 87574K, committed 89408K, reserved 1179648K
  class space    used 8585K, committed 9472K, reserved 1048576K
}
Event: 814.798 GC heap before
{Heap before GC invocations=6945 (full 8):
 PSYoungGen      total 7168K, used 7167K [0x00000000d5580000, 0x00000000d5f00000, 0x0000000100000000)
  eden space 6656K, 99% used [0x00000000d5580000,0x00000000d5bfffe0,0x00000000d5c00000)
  from space 512K, 100% used [0x00000000d5d80000,0x00000000d5e00000,0x00000000d5e00000)
  to   space 1536K, 0% used [0x00000000d5c00000,0x00000000d5c00000,0x00000000d5d80000)
 ParOldGen       total 1265664K, used 1265190K [0x0000000080000000, 0x00000000cd400000, 0x00000000d5580000)
  object space 1265664K, 99% used [0x0000000080000000,0x00000000cd389b18,0x00000000cd400000)
 Metaspace       used 87574K, committed 89408K, reserved 1179648K
  class space    used 8585K, committed 9472K, reserved 1048576K
}
Event: 814.802 GC heap after
{Heap after GC invocations=6945 (full 8):
 PSYoungGen      total 7680K, used 736K [0x00000000d5580000, 0x00000000d5e00000, 0x0000000100000000)
  eden space 6656K, 0% used [0x00000000d5580000,0x00000000d5580000,0x00000000d5c00000)
  from space 1024K, 71% used [0x00000000d5c00000,0x00000000d5cb8000,0x00000000d5d00000)
  to   space 1024K, 0% used [0x00000000d5d00000,0x00000000d5d00000,0x00000000d5e00000)
 ParOldGen       total 1266176K, used 1265710K [0x0000000080000000, 0x00000000cd480000, 0x00000000d5580000)
  object space 1266176K, 99% used [0x0000000080000000,0x00000000cd40bb68,0x00000000cd480000)
 Metaspace       used 87574K, committed 89408K, reserved 1179648K
  class space    used 8585K, committed 9472K, reserved 1048576K
}

