# JRE version: OpenJDK Runtime Environment Temurin-21.0.11+10 (21.0.11+10) (build 21.0.11+10-LTS)
# Java VM: OpenJDK 64-Bit Server VM Temurin-21.0.11+10 (21.0.11+10-LTS, mixed mode, sharing, tiered, compressed oops, compressed class ptrs, parallel gc, windows-amd64)
GC Precious Log:
 CardTable entry size: 512
 CPUs: 4 total, 4 available
 Memory: 3863M
 Large Page Support: Disabled
 NUMA Support: Disabled
 Compressed Oops: Enabled (32-bit)
 Alignments: Space 512K, Generation 512K, Heap 2M
 Heap Min Capacity: 100M
 Heap Initial Capacity: 100M
 Heap Max Capacity: 2G
 Pre-touch: Disabled
 Parallel Workers: 4
Heap:
 PSYoungGen      total 4608K, used 2974K [0x00000000d5580000, 0x00000000d5c00000, 0x0000000100000000)
  eden space 3584K, 74% used [0x00000000d5580000,0x00000000d581fb00,0x00000000d5900000)
  from space 1024K, 28% used [0x00000000d5a00000,0x00000000d5a48000,0x00000000d5b00000)
  to   space 512K, 0% used [0x00000000d5b80000,0x00000000d5b80000,0x00000000d5c00000)
 ParOldGen       total 695296K, used 695222K [0x0000000080000000, 0x00000000aa700000, 0x00000000d5580000)
  object space 695296K, 99% used [0x0000000080000000,0x00000000aa6ed838,0x00000000aa700000)
 Metaspace       used 87396K, committed 89152K, reserved 1179648K
  class space    used 8825K, committed 9600K, reserved 1048576K
GC Heap History (20 events):
Event: 3392.431 GC heap before
{Heap before GC invocations=1186 (full 4):
 PSYoungGen      total 6144K, used 4416K [0x00000000d5580000, 0x00000000d5e00000, 0x0000000100000000)
  eden space 4096K, 100% used [0x00000000d5580000,0x00000000d5980000,0x00000000d5980000)
  from space 2048K, 15% used [0x00000000d5a80000,0x00000000d5ad0000,0x00000000d5c80000)
  to   space 1024K, 0% used [0x00000000d5d00000,0x00000000d5d00000,0x00000000d5e00000)
 ParOldGen       total 688128K, used 687985K [0x0000000080000000, 0x00000000aa000000, 0x00000000d5580000)
  object space 688128K, 99% used [0x0000000080000000,0x00000000a9fdc608,0x00000000aa000000)
 Metaspace       used 87385K, committed 89152K, reserved 1179648K
  class space    used 8825K, committed 9600K, reserved 1048576K
}
Event: 3392.433 GC heap after
{Heap after GC invocations=1186 (full 4):
 PSYoungGen      total 4608K, used 352K [0x00000000d5580000, 0x00000000d5d80000, 0x0000000100000000)
  eden space 4096K, 0% used [0x00000000d5580000,0x00000000d5580000,0x00000000d5980000)
  from space 512K, 68% used [0x00000000d5d00000,0x00000000d5d58000,0x00000000d5d80000)
  to   space 512K, 0% used [0x00000000d5c80000,0x00000000d5c80000,0x00000000d5d00000)
 ParOldGen       total 688640K, used 688273K [0x0000000080000000, 0x00000000aa080000, 0x00000000d5580000)
  object space 688640K, 99% used [0x0000000080000000,0x00000000aa024668,0x00000000aa080000)
 Metaspace       used 87385K, committed 89152K, reserved 1179648K
  class space    used 8825K, committed 9600K, reserved 1048576K
}
Event: 3392.475 GC heap before
{Heap before GC invocations=1187 (full 4):
 PSYoungGen      total 4608K, used 4448K [0x00000000d5580000, 0x00000000d5d80000, 0x0000000100000000)
  eden space 4096K, 100% used [0x00000000d5580000,0x00000000d5980000,0x00000000d5980000)
  from space 512K, 68% used [0x00000000d5d00000,0x00000000d5d58000,0x00000000d5d80000)
  to   space 512K, 0% used [0x00000000d5c80000,0x00000000d5c80000,0x00000000d5d00000)
 ParOldGen       total 688640K, used 688273K [0x0000000080000000, 0x00000000aa080000, 0x00000000d5580000)
  object space 688640K, 99% used [0x0000000080000000,0x00000000aa024668,0x00000000aa080000)
 Metaspace       used 87386K, committed 89152K, reserved 1179648K
  class space    used 8825K, committed 9600K, reserved 1048576K
}
Event: 3392.479 GC heap after
{Heap after GC invocations=1187 (full 4):
 PSYoungGen      total 4608K, used 458K [0x00000000d5580000, 0x00000000d5d80000, 0x0000000100000000)
  eden space 4096K, 0% used [0x00000000d5580000,0x00000000d5580000,0x00000000d5980000)
  from space 512K, 89% used [0x00000000d5c80000,0x00000000d5cf2910,0x00000000d5d00000)
  to   space 512K, 0% used [0x00000000d5d00000,0x00000000d5d00000,0x00000000d5d80000)
 ParOldGen       total 688640K, used 688561K [0x0000000080000000, 0x00000000aa080000, 0x00000000d5580000)
  object space 688640K, 99% used [0x0000000080000000,0x00000000aa06c6a8,0x00000000aa080000)
 Metaspace       used 87386K, committed 89152K, reserved 1179648K
  class space    used 8825K, committed 9600K, reserved 1048576K
}
Event: 3392.491 GC heap before
{Heap before GC invocations=1188 (full 4):
 PSYoungGen      total 4608K, used 4554K [0x00000000d5580000, 0x00000000d5d80000, 0x0000000100000000)
  eden space 4096K, 100% used [0x00000000d5580000,0x00000000d5980000,0x00000000d5980000)
  from space 512K, 89% used [0x00000000d5c80000,0x00000000d5cf2910,0x00000000d5d00000)
  to   space 512K, 0% used [0x00000000d5d00000,0x00000000d5d00000,0x00000000d5d80000)
 ParOldGen       total 688640K, used 688561K [0x0000000080000000, 0x00000000aa080000, 0x00000000d5580000)
  object space 688640K, 99% used [0x0000000080000000,0x00000000aa06c6a8,0x00000000aa080000)
 Metaspace       used 87386K, committed 89152K, reserved 1179648K
  class space    used 8825K, committed 9600K, reserved 1048576K
}
Event: 3392.496 GC heap after
{Heap after GC invocations=1188 (full 4):
 PSYoungGen      total 4096K, used 486K [0x00000000d5580000, 0x00000000d6180000, 0x0000000100000000)
  eden space 3584K, 0% used [0x00000000d5580000,0x00000000d5580000,0x00000000d5900000)
  from space 512K, 94% used [0x00000000d5d00000,0x00000000d5d79880,0x00000000d5d80000)
  to   space 4096K, 0% used [0x00000000d5900000,0x00000000d5900000,0x00000000d5d00000)
 ParOldGen       total 691712K, used 691564K [0x0000000080000000, 0x00000000aa380000, 0x00000000d5580000)
  object space 691712K, 99% used [0x0000000080000000,0x00000000aa35b148,0x00000000aa380000)
 Metaspace       used 87386K, committed 89152K, reserved 1179648K
  class space    used 8825K, committed 9600K, reserved 1048576K
}
Event: 3392.534 GC heap before
{Heap before GC invocations=1189 (full 4):
 PSYoungGen      total 4096K, used 4070K [0x00000000d5580000, 0x00000000d6180000, 0x0000000100000000)
  eden space 3584K, 100% used [0x00000000d5580000,0x00000000d5900000,0x00000000d5900000)
  from space 512K, 94% used [0x00000000d5d00000,0x00000000d5d79880,0x00000000d5d80000)
  to   space 4096K, 0% used [0x00000000d5900000,0x00000000d5900000,0x00000000d5d00000)
 ParOldGen       total 691712K, used 691564K [0x0000000080000000, 0x00000000aa380000, 0x00000000d5580000)
  object space 691712K, 99% used [0x0000000080000000,0x00000000aa35b148,0x00000000aa380000)
 Metaspace       used 87386K, committed 89152K, reserved 1179648K
  class space    used 8825K, committed 9600K, reserved 1048576K
}
Event: 3392.537 GC heap after
{Heap after GC invocations=1189 (full 4):
 PSYoungGen      total 5120K, used 1348K [0x00000000d5580000, 0x00000000d5e00000, 0x0000000100000000)
  eden space 3584K, 0% used [0x00000000d5580000,0x00000000d5580000,0x00000000d5900000)
  from space 1536K, 87% used [0x00000000d5900000,0x00000000d5a51230,0x00000000d5a80000)
  to   space 2560K, 0% used [0x00000000d5b80000,0x00000000d5b80000,0x00000000d5e00000)
 ParOldGen       total 692224K, used 692002K [0x0000000080000000, 0x00000000aa400000, 0x00000000d5580000)
  object space 692224K, 99% used [0x0000000080000000,0x00000000aa3c89c8,0x00000000aa400000)
 Metaspace       used 87386K, committed 89152K, reserved 1179648K
  class space    used 8825K, committed 9600K, reserved 1048576K
}
Event: 3392.565 GC heap before
{Heap before GC invocations=1190 (full 4):
 PSYoungGen      total 5120K, used 4932K [0x00000000d5580000, 0x00000000d5e00000, 0x0000000100000000)
  eden space 3584K, 100% used [0x00000000d5580000,0x00000000d5900000,0x00000000d5900000)
  from space 1536K, 87% used [0x00000000d5900000,0x00000000d5a51230,0x00000000d5a80000)
  to   space 2560K, 0% used [0x00000000d5b80000,0x00000000d5b80000,0x00000000d5e00000)
 ParOldGen       total 692224K, used 692002K [0x0000000080000000, 0x00000000aa400000, 0x00000000d5580000)
  object space 692224K, 99% used [0x0000000080000000,0x00000000aa3c89c8,0x00000000aa400000)
 Metaspace       used 87386K, committed 89152K, reserved 1179648K
  class space    used 8825K, committed 9600K, reserved 1048576K
}
Event: 3392.567 GC heap after
{Heap after GC invocations=1190 (full 4):
 PSYoungGen      total 4096K, used 384K [0x00000000d5580000, 0x00000000d5c00000, 0x0000000100000000)
  eden space 3584K, 0% used [0x00000000d5580000,0x00000000d5580000,0x00000000d5900000)
  from space 512K, 75% used [0x00000000d5b80000,0x00000000d5be0000,0x00000000d5c00000)
  to   space 1024K, 0% used [0x00000000d5a00000,0x00000000d5a00000,0x00000000d5b00000)
 ParOldGen       total 693760K, used 693266K [0x0000000080000000, 0x00000000aa580000, 0x00000000d5580000)
  object space 693760K, 99% used [0x0000000080000000,0x00000000aa5048d0,0x00000000aa580000)
 Metaspace       used 87386K, committed 89152K, reserved 1179648K
  class space    used 8825K, committed 9600K, reserved 1048576K
}
Event: 3392.585 GC heap before
{Heap before GC invocations=1191 (full 4):
 PSYoungGen      total 4096K, used 3968K [0x00000000d5580000, 0x00000000d5c00000, 0x0000000100000000)
  eden space 3584K, 100% used [0x00000000d5580000,0x00000000d5900000,0x00000000d5900000)
  from space 512K, 75% used [0x00000000d5b80000,0x00000000d5be0000,0x00000000d5c00000)
  to   space 1024K, 0% used [0x00000000d5a00000,0x00000000d5a00000,0x00000000d5b00000)
 ParOldGen       total 693760K, used 693266K [0x0000000080000000, 0x00000000aa580000, 0x00000000d5580000)
  object space 693760K, 99% used [0x0000000080000000,0x00000000aa5048d0,0x00000000aa580000)
 Metaspace       used 87386K, committed 89152K, reserved 1179648K
  class space    used 8825K, committed 9600K, reserved 1048576K
}
Event: 3392.587 GC heap after
{Heap after GC invocations=1191 (full 4):
 PSYoungGen      total 4608K, used 320K [0x00000000d5580000, 0x00000000d5c00000, 0x0000000100000000)
  eden space 3584K, 0% used [0x00000000d5580000,0x00000000d5580000,0x00000000d5900000)
  from space 1024K, 31% used [0x00000000d5a00000,0x00000000d5a50000,0x00000000d5b00000)
  to   space 512K, 0% used [0x00000000d5b80000,0x00000000d5b80000,0x00000000d5c00000)
 ParOldGen       total 693760K, used 693554K [0x0000000080000000, 0x00000000aa580000, 0x00000000d5580000)
  object space 693760K, 99% used [0x0000000080000000,0x00000000aa54c930,0x00000000aa580000)
 Metaspace       used 87386K, committed 89152K, reserved 1179648K
  class space    used 8825K, committed 9600K, reserved 1048576K
}
Event: 3392.612 GC heap before
{Heap before GC invocations=1192 (full 4):
 PSYoungGen      total 4608K, used 3904K [0x00000000d5580000, 0x00000000d5c00000, 0x0000000100000000)
  eden space 3584K, 100% used [0x00000000d5580000,0x00000000d5900000,0x00000000d5900000)
  from space 1024K, 31% used [0x00000000d5a00000,0x00000000d5a50000,0x00000000d5b00000)
  to   space 512K, 0% used [0x00000000d5b80000,0x00000000d5b80000,0x00000000d5c00000)
 ParOldGen       total 693760K, used 693554K [0x0000000080000000, 0x00000000aa580000, 0x00000000d5580000)
  object space 693760K, 99% used [0x0000000080000000,0x00000000aa54c930,0x00000000aa580000)
 Metaspace       used 87387K, committed 89152K, reserved 1179648K
  class space    used 8825K, committed 9600K, reserved 1048576K
}
Event: 3392.615 GC heap after
{Heap after GC invocations=1192 (full 4):
 PSYoungGen      total 4096K, used 464K [0x00000000d5580000, 0x00000000d5c00000, 0x0000000100000000)
  eden space 3584K, 0% used [0x00000000d5580000,0x00000000d5580000,0x00000000d5900000)
  from space 512K, 90% used [0x00000000d5b80000,0x00000000d5bf4010,0x00000000d5c00000)
  to   space 512K, 0% used [0x00000000d5b00000,0x00000000d5b00000,0x00000000d5b80000)
 ParOldGen       total 694272K, used 693794K [0x0000000080000000, 0x00000000aa600000, 0x00000000d5580000)
  object space 694272K, 99% used [0x0000000080000000,0x00000000aa588970,0x00000000aa600000)
 Metaspace       used 87387K, committed 89152K, reserved 1179648K
  class space    used 8825K, committed 9600K, reserved 1048576K
}
Event: 3392.635 GC heap before
{Heap before GC invocations=1193 (full 4):
 PSYoungGen      total 4096K, used 4048K [0x00000000d5580000, 0x00000000d5c00000, 0x0000000100000000)
  eden space 3584K, 100% used [0x00000000d5580000,0x00000000d5900000,0x00000000d5900000)
  from space 512K, 90% used [0x00000000d5b80000,0x00000000d5bf4010,0x00000000d5c00000)
  to   space 512K, 0% used [0x00000000d5b00000,0x00000000d5b00000,0x00000000d5b80000)
 ParOldGen       total 694272K, used 693794K [0x0000000080000000, 0x00000000aa600000, 0x00000000d5580000)
  object space 694272K, 99% used [0x0000000080000000,0x00000000aa588970,0x00000000aa600000)
 Metaspace       used 87396K, committed 89152K, reserved 1179648K
  class space    used 8825K, committed 9600K, reserved 1048576K
}
Event: 3392.640 GC heap after
{Heap after GC invocations=1193 (full 4):
 PSYoungGen      total 4096K, used 500K [0x00000000d5580000, 0x00000000d5c00000, 0x0000000100000000)
  eden space 3584K, 0% used [0x00000000d5580000,0x00000000d5580000,0x00000000d5900000)
  from space 512K, 97% used [0x00000000d5b00000,0x00000000d5b7d200,0x00000000d5b80000)
  to   space 512K, 0% used [0x00000000d5b80000,0x00000000d5b80000,0x00000000d5c00000)
 ParOldGen       total 694784K, used 694426K [0x0000000080000000, 0x00000000aa680000, 0x00000000d5580000)
  object space 694784K, 99% used [0x0000000080000000,0x00000000aa6269a0,0x00000000aa680000)
 Metaspace       used 87396K, committed 89152K, reserved 1179648K
  class space    used 8825K, committed 9600K, reserved 1048576K
}
Event: 3392.665 GC heap before
{Heap before GC invocations=1194 (full 4):
 PSYoungGen      total 4096K, used 4084K [0x00000000d5580000, 0x00000000d5c00000, 0x0000000100000000)
  eden space 3584K, 100% used [0x00000000d5580000,0x00000000d5900000,0x00000000d5900000)
  from space 512K, 97% used [0x00000000d5b00000,0x00000000d5b7d200,0x00000000d5b80000)
  to   space 512K, 0% used [0x00000000d5b80000,0x00000000d5b80000,0x00000000d5c00000)
 ParOldGen       total 694784K, used 694426K [0x0000000080000000, 0x00000000aa680000, 0x00000000d5580000)
  object space 694784K, 99% used [0x0000000080000000,0x00000000aa6269a0,0x00000000aa680000)
 Metaspace       used 87396K, committed 89152K, reserved 1179648K
  class space    used 8825K, committed 9600K, reserved 1048576K
}
Event: 3392.668 GC heap after
{Heap after GC invocations=1194 (full 4):
 PSYoungGen      total 4096K, used 352K [0x00000000d5580000, 0x00000000d5c00000, 0x0000000100000000)
  eden space 3584K, 0% used [0x00000000d5580000,0x00000000d5580000,0x00000000d5900000)
  from space 512K, 68% used [0x00000000d5b80000,0x00000000d5bd8000,0x00000000d5c00000)
  to   space 1024K, 0% used [0x00000000d5a00000,0x00000000d5a00000,0x00000000d5b00000)
 ParOldGen       total 695296K, used 694945K [0x0000000080000000, 0x00000000aa700000, 0x00000000d5580000)
  object space 695296K, 99% used [0x0000000080000000,0x00000000aa6a87e8,0x00000000aa700000)
 Metaspace       used 87396K, committed 89152K, reserved 1179648K
  class space    used 8825K, committed 9600K, reserved 1048576K
}
Event: 3392.702 GC heap before
{Heap before GC invocations=1195 (full 4):
 PSYoungGen      total 4096K, used 3936K [0x00000000d5580000, 0x00000000d5c00000, 0x0000000100000000)
  eden space 3584K, 100% used [0x00000000d5580000,0x00000000d5900000,0x00000000d5900000)
  from space 512K, 68% used [0x00000000d5b80000,0x00000000d5bd8000,0x00000000d5c00000)
  to   space 1024K, 0% used [0x00000000d5a00000,0x00000000d5a00000,0x00000000d5b00000)
 ParOldGen       total 695296K, used 694945K [0x0000000080000000, 0x00000000aa700000, 0x00000000d5580000)
  object space 695296K, 99% used [0x0000000080000000,0x00000000aa6a87e8,0x00000000aa700000)
 Metaspace       used 87396K, committed 89152K, reserved 1179648K
  class space    used 8825K, committed 9600K, reserved 1048576K
}
Event: 3392.704 GC heap after
{Heap after GC invocations=1195 (full 4):
 PSYoungGen      total 4608K, used 288K [0x00000000d5580000, 0x00000000d5c00000, 0x0000000100000000)
  eden space 3584K, 0% used [0x00000000d5580000,0x00000000d5580000,0x00000000d5900000)
  from space 1024K, 28% used [0x00000000d5a00000,0x00000000d5a48000,0x00000000d5b00000)
  to   space 512K, 0% used [0x00000000d5b80000,0x00000000d5b80000,0x00000000d5c00000)
 ParOldGen       total 695296K, used 695222K [0x0000000080000000, 0x00000000aa700000, 0x00000000d5580000)
  object space 695296K, 99% used [0x0000000080000000,0x00000000aa6ed838,0x00000000aa700000)
 Metaspace       used 87396K, committed 89152K, reserved 1179648K
  class space    used 8825K, committed 9600K, reserved 1048576K
}

