# JRE version: OpenJDK Runtime Environment Temurin-21.0.10+7 (21.0.10+7) (build 21.0.10+7-LTS)
# Java VM: OpenJDK 64-Bit Server VM Temurin-21.0.10+7 (21.0.10+7-LTS, mixed mode, sharing, tiered, compressed oops, compressed class ptrs, parallel gc, windows-amd64)
GC Precious Log:
 CardTable entry size: 512
 CPUs: 4 total, 4 available
 Memory: 3863M
 Large Page Support: Disabled
 NUMA Support: Disabled
 Compressed Oops: Enabled (32-bit)
 Alignments: Space 512K, Generation 512K, Heap 2M
 Heap Min Capacity: 100M
 Heap Initial Capacity: 100M
 Heap Max Capacity: 2G
 Pre-touch: Disabled
 Parallel Workers: 4
Heap:
 PSYoungGen      total 5632K, used 5412K [0x00000000d5580000, 0x00000000d5c80000, 0x0000000100000000)
  eden space 5120K, 100% used [0x00000000d5580000,0x00000000d5a80000,0x00000000d5a80000)
  from space 512K, 57% used [0x00000000d5c00000,0x00000000d5c49198,0x00000000d5c80000)
  to   space 512K, 62% used [0x00000000d5b80000,0x00000000d5bcf638,0x00000000d5c00000)
 ParOldGen       total 704000K, used 703918K [0x0000000080000000, 0x00000000aaf80000, 0x00000000d5580000)
  object space 704000K, 99% used [0x0000000080000000,0x00000000aaf6b9b8,0x00000000aaf80000)
 Metaspace       used 64981K, committed 66560K, reserved 1114112K
  class space    used 6719K, committed 7424K, reserved 1048576K
GC Heap History (20 events):
Event: 59.236 GC heap before
{Heap before GC invocations=932 (full 3):
 PSYoungGen      total 6144K, used 5664K [0x00000000d5580000, 0x00000000d5c80000, 0x0000000100000000)
  eden space 5120K, 100% used [0x00000000d5580000,0x00000000d5a80000,0x00000000d5a80000)
  from space 1024K, 53% used [0x00000000d5b80000,0x00000000d5c08000,0x00000000d5c80000)
  to   space 1024K, 0% used [0x00000000d5a80000,0x00000000d5a80000,0x00000000d5b80000)
 ParOldGen       total 699392K, used 699256K [0x0000000080000000, 0x00000000aab00000, 0x00000000d5580000)
  object space 699392K, 99% used [0x0000000080000000,0x00000000aaade078,0x00000000aab00000)
 Metaspace       used 64793K, committed 66304K, reserved 1114112K
  class space    used 6701K, committed 7360K, reserved 1048576K
}
Event: 59.241 GC heap after
{Heap after GC invocations=932 (full 3):
 PSYoungGen      total 6144K, used 672K [0x00000000d5580000, 0x00000000d5d80000, 0x0000000100000000)
  eden space 5120K, 0% used [0x00000000d5580000,0x00000000d5580000,0x00000000d5a80000)
  from space 1024K, 65% used [0x00000000d5a80000,0x00000000d5b28000,0x00000000d5b80000)
  to   space 1024K, 0% used [0x00000000d5c80000,0x00000000d5c80000,0x00000000d5d80000)
 ParOldGen       total 699904K, used 699768K [0x0000000080000000, 0x00000000aab80000, 0x00000000d5580000)
  object space 699904K, 99% used [0x0000000080000000,0x00000000aab5e078,0x00000000aab80000)
 Metaspace       used 64793K, committed 66304K, reserved 1114112K
  class space    used 6701K, committed 7360K, reserved 1048576K
}
Event: 59.259 GC heap before
{Heap before GC invocations=933 (full 3):
 PSYoungGen      total 6144K, used 5792K [0x00000000d5580000, 0x00000000d5d80000, 0x0000000100000000)
  eden space 5120K, 100% used [0x00000000d5580000,0x00000000d5a80000,0x00000000d5a80000)
  from space 1024K, 65% used [0x00000000d5a80000,0x00000000d5b28000,0x00000000d5b80000)
  to   space 1024K, 0% used [0x00000000d5c80000,0x00000000d5c80000,0x00000000d5d80000)
 ParOldGen       total 699904K, used 699768K [0x0000000080000000, 0x00000000aab80000, 0x00000000d5580000)
  object space 699904K, 99% used [0x0000000080000000,0x00000000aab5e078,0x00000000aab80000)
 Metaspace       used 64793K, committed 66304K, reserved 1114112K
  class space    used 6701K, committed 7360K, reserved 1048576K
}
Event: 59.262 GC heap after
{Heap after GC invocations=933 (full 3):
 PSYoungGen      total 6144K, used 768K [0x00000000d5580000, 0x00000000d5d80000, 0x0000000100000000)
  eden space 5120K, 0% used [0x00000000d5580000,0x00000000d5580000,0x00000000d5a80000)
  from space 1024K, 75% used [0x00000000d5c80000,0x00000000d5d40000,0x00000000d5d80000)
  to   space 1024K, 0% used [0x00000000d5a80000,0x00000000d5a80000,0x00000000d5b80000)
 ParOldGen       total 700416K, used 700400K [0x0000000080000000, 0x00000000aac00000, 0x00000000d5580000)
  object space 700416K, 99% used [0x0000000080000000,0x00000000aabfc078,0x00000000aac00000)
 Metaspace       used 64793K, committed 66304K, reserved 1114112K
  class space    used 6701K, committed 7360K, reserved 1048576K
}
Event: 59.299 GC heap before
{Heap before GC invocations=934 (full 3):
 PSYoungGen      total 6144K, used 5888K [0x00000000d5580000, 0x00000000d5d80000, 0x0000000100000000)
  eden space 5120K, 100% used [0x00000000d5580000,0x00000000d5a80000,0x00000000d5a80000)
  from space 1024K, 75% used [0x00000000d5c80000,0x00000000d5d40000,0x00000000d5d80000)
  to   space 1024K, 0% used [0x00000000d5a80000,0x00000000d5a80000,0x00000000d5b80000)
 ParOldGen       total 700416K, used 700400K [0x0000000080000000, 0x00000000aac00000, 0x00000000d5580000)
  object space 700416K, 99% used [0x0000000080000000,0x00000000aabfc078,0x00000000aac00000)
 Metaspace       used 64793K, committed 66304K, reserved 1114112K
  class space    used 6701K, committed 7360K, reserved 1048576K
}
Event: 59.302 GC heap after
{Heap after GC invocations=934 (full 3):
 PSYoungGen      total 6144K, used 384K [0x00000000d5580000, 0x00000000d5d00000, 0x0000000100000000)
  eden space 5120K, 0% used [0x00000000d5580000,0x00000000d5580000,0x00000000d5a80000)
  from space 1024K, 37% used [0x00000000d5a80000,0x00000000d5ae0000,0x00000000d5b80000)
  to   space 1024K, 0% used [0x00000000d5c00000,0x00000000d5c00000,0x00000000d5d00000)
 ParOldGen       total 701440K, used 701093K [0x0000000080000000, 0x00000000aad00000, 0x00000000d5580000)
  object space 701440K, 99% used [0x0000000080000000,0x00000000aaca9688,0x00000000aad00000)
 Metaspace       used 64793K, committed 66304K, reserved 1114112K
  class space    used 6701K, committed 7360K, reserved 1048576K
}
Event: 59.314 GC heap before
{Heap before GC invocations=935 (full 3):
 PSYoungGen      total 6144K, used 5504K [0x00000000d5580000, 0x00000000d5d00000, 0x0000000100000000)
  eden space 5120K, 100% used [0x00000000d5580000,0x00000000d5a80000,0x00000000d5a80000)
  from space 1024K, 37% used [0x00000000d5a80000,0x00000000d5ae0000,0x00000000d5b80000)
  to   space 1024K, 0% used [0x00000000d5c00000,0x00000000d5c00000,0x00000000d5d00000)
 ParOldGen       total 701440K, used 701093K [0x0000000080000000, 0x00000000aad00000, 0x00000000d5580000)
  object space 701440K, 99% used [0x0000000080000000,0x00000000aaca9688,0x00000000aad00000)
 Metaspace       used 64793K, committed 66304K, reserved 1114112K
  class space    used 6701K, committed 7360K, reserved 1048576K
}
Event: 59.317 GC heap after
{Heap after GC invocations=935 (full 3):
 PSYoungGen      total 6144K, used 539K [0x00000000d5580000, 0x00000000d5d00000, 0x0000000100000000)
  eden space 5120K, 0% used [0x00000000d5580000,0x00000000d5580000,0x00000000d5a80000)
  from space 1024K, 52% used [0x00000000d5c00000,0x00000000d5c86c08,0x00000000d5d00000)
  to   space 1024K, 0% used [0x00000000d5a80000,0x00000000d5a80000,0x00000000d5b80000)
 ParOldGen       total 701952K, used 701445K [0x0000000080000000, 0x00000000aad80000, 0x00000000d5580000)
  object space 701952K, 99% used [0x0000000080000000,0x00000000aad01738,0x00000000aad80000)
 Metaspace       used 64793K, committed 66304K, reserved 1114112K
  class space    used 6701K, committed 7360K, reserved 1048576K
}
Event: 59.386 GC heap before
{Heap before GC invocations=936 (full 3):
 PSYoungGen      total 6144K, used 5659K [0x00000000d5580000, 0x00000000d5d00000, 0x0000000100000000)
  eden space 5120K, 100% used [0x00000000d5580000,0x00000000d5a80000,0x00000000d5a80000)
  from space 1024K, 52% used [0x00000000d5c00000,0x00000000d5c86c08,0x00000000d5d00000)
  to   space 1024K, 0% used [0x00000000d5a80000,0x00000000d5a80000,0x00000000d5b80000)
 ParOldGen       total 701952K, used 701445K [0x0000000080000000, 0x00000000aad80000, 0x00000000d5580000)
  object space 701952K, 99% used [0x0000000080000000,0x00000000aad01738,0x00000000aad80000)
 Metaspace       used 64793K, committed 66304K, reserved 1114112K
  class space    used 6701K, committed 7360K, reserved 1048576K
}
Event: 59.391 GC heap after
{Heap after GC invocations=936 (full 3):
 PSYoungGen      total 6144K, used 320K [0x00000000d5580000, 0x00000000d5c80000, 0x0000000100000000)
  eden space 5120K, 0% used [0x00000000d5580000,0x00000000d5580000,0x00000000d5a80000)
  from space 1024K, 31% used [0x00000000d5a80000,0x00000000d5ad0000,0x00000000d5b80000)
  to   space 512K, 0% used [0x00000000d5c00000,0x00000000d5c00000,0x00000000d5c80000)
 ParOldGen       total 701952K, used 701920K [0x0000000080000000, 0x00000000aad80000, 0x00000000d5580000)
  object space 701952K, 99% used [0x0000000080000000,0x00000000aad78340,0x00000000aad80000)
 Metaspace       used 64793K, committed 66304K, reserved 1114112K
  class space    used 6701K, committed 7360K, reserved 1048576K
}
Event: 59.409 GC heap before
{Heap before GC invocations=937 (full 3):
 PSYoungGen      total 6144K, used 5440K [0x00000000d5580000, 0x00000000d5c80000, 0x0000000100000000)
  eden space 5120K, 100% used [0x00000000d5580000,0x00000000d5a80000,0x00000000d5a80000)
  from space 1024K, 31% used [0x00000000d5a80000,0x00000000d5ad0000,0x00000000d5b80000)
  to   space 512K, 0% used [0x00000000d5c00000,0x00000000d5c00000,0x00000000d5c80000)
 ParOldGen       total 701952K, used 701920K [0x0000000080000000, 0x00000000aad80000, 0x00000000d5580000)
  object space 701952K, 99% used [0x0000000080000000,0x00000000aad78340,0x00000000aad80000)
 Metaspace       used 64793K, committed 66304K, reserved 1114112K
  class space    used 6701K, committed 7360K, reserved 1048576K
}
Event: 59.412 GC heap after
{Heap after GC invocations=937 (full 3):
 PSYoungGen      total 5632K, used 160K [0x00000000d5580000, 0x00000000d5c80000, 0x0000000100000000)
  eden space 5120K, 0% used [0x00000000d5580000,0x00000000d5580000,0x00000000d5a80000)
  from space 512K, 31% used [0x00000000d5c00000,0x00000000d5c28000,0x00000000d5c80000)
  to   space 512K, 0% used [0x00000000d5b80000,0x00000000d5b80000,0x00000000d5c00000)
 ParOldGen       total 702464K, used 702112K [0x0000000080000000, 0x00000000aae00000, 0x00000000d5580000)
  object space 702464K, 99% used [0x0000000080000000,0x00000000aada80c8,0x00000000aae00000)
 Metaspace       used 64793K, committed 66304K, reserved 1114112K
  class space    used 6701K, committed 7360K, reserved 1048576K
}
Event: 60.850 GC heap before
{Heap before GC invocations=938 (full 3):
 PSYoungGen      total 5632K, used 5280K [0x00000000d5580000, 0x00000000d5c80000, 0x0000000100000000)
  eden space 5120K, 100% used [0x00000000d5580000,0x00000000d5a80000,0x00000000d5a80000)
  from space 512K, 31% used [0x00000000d5c00000,0x00000000d5c28000,0x00000000d5c80000)
  to   space 512K, 0% used [0x00000000d5b80000,0x00000000d5b80000,0x00000000d5c00000)
 ParOldGen       total 702464K, used 702112K [0x0000000080000000, 0x00000000aae00000, 0x00000000d5580000)
  object space 702464K, 99% used [0x0000000080000000,0x00000000aada80c8,0x00000000aae00000)
 Metaspace       used 64961K, committed 66496K, reserved 1114112K
  class space    used 6719K, committed 7424K, reserved 1048576K
}
Event: 60.855 GC heap after
{Heap after GC invocations=938 (full 3):
 PSYoungGen      total 5632K, used 512K [0x00000000d5580000, 0x00000000d5c80000, 0x0000000100000000)
  eden space 5120K, 0% used [0x00000000d5580000,0x00000000d5580000,0x00000000d5a80000)
  from space 512K, 100% used [0x00000000d5b80000,0x00000000d5c00000,0x00000000d5c00000)
  to   space 512K, 0% used [0x00000000d5c00000,0x00000000d5c00000,0x00000000d5c80000)
 ParOldGen       total 702464K, used 702280K [0x0000000080000000, 0x00000000aae00000, 0x00000000d5580000)
  object space 702464K, 99% used [0x0000000080000000,0x00000000aadd20c8,0x00000000aae00000)
 Metaspace       used 64961K, committed 66496K, reserved 1114112K
  class space    used 6719K, committed 7424K, reserved 1048576K
}
Event: 60.897 GC heap before
{Heap before GC invocations=939 (full 3):
 PSYoungGen      total 5632K, used 5632K [0x00000000d5580000, 0x00000000d5c80000, 0x0000000100000000)
  eden space 5120K, 100% used [0x00000000d5580000,0x00000000d5a80000,0x00000000d5a80000)
  from space 512K, 100% used [0x00000000d5b80000,0x00000000d5c00000,0x00000000d5c00000)
  to   space 512K, 0% used [0x00000000d5c00000,0x00000000d5c00000,0x00000000d5c80000)
 ParOldGen       total 702464K, used 702280K [0x0000000080000000, 0x00000000aae00000, 0x00000000d5580000)
  object space 702464K, 99% used [0x0000000080000000,0x00000000aadd20c8,0x00000000aae00000)
 Metaspace       used 64967K, committed 66560K, reserved 1114112K
  class space    used 6719K, committed 7424K, reserved 1048576K
}
Event: 60.900 GC heap after
{Heap after GC invocations=939 (full 3):
 PSYoungGen      total 5632K, used 331K [0x00000000d5580000, 0x00000000d5c80000, 0x0000000100000000)
  eden space 5120K, 0% used [0x00000000d5580000,0x00000000d5580000,0x00000000d5a80000)
  from space 512K, 64% used [0x00000000d5c00000,0x00000000d5c52ef0,0x00000000d5c80000)
  to   space 512K, 0% used [0x00000000d5b80000,0x00000000d5b80000,0x00000000d5c00000)
 ParOldGen       total 702976K, used 702765K [0x0000000080000000, 0x00000000aae80000, 0x00000000d5580000)
  object space 702976K, 99% used [0x0000000080000000,0x00000000aae4b498,0x00000000aae80000)
 Metaspace       used 64967K, committed 66560K, reserved 1114112K
  class space    used 6719K, committed 7424K, reserved 1048576K
}
Event: 60.946 GC heap before
{Heap before GC invocations=940 (full 3):
 PSYoungGen      total 5632K, used 5451K [0x00000000d5580000, 0x00000000d5c80000, 0x0000000100000000)
  eden space 5120K, 100% used [0x00000000d5580000,0x00000000d5a80000,0x00000000d5a80000)
  from space 512K, 64% used [0x00000000d5c00000,0x00000000d5c52ef0,0x00000000d5c80000)
  to   space 512K, 0% used [0x00000000d5b80000,0x00000000d5b80000,0x00000000d5c00000)
 ParOldGen       total 702976K, used 702765K [0x0000000080000000, 0x00000000aae80000, 0x00000000d5580000)
  object space 702976K, 99% used [0x0000000080000000,0x00000000aae4b498,0x00000000aae80000)
 Metaspace       used 64977K, committed 66560K, reserved 1114112K
  class space    used 6719K, committed 7424K, reserved 1048576K
}
Event: 60.950 GC heap after
{Heap after GC invocations=940 (full 3):
 PSYoungGen      total 5632K, used 286K [0x00000000d5580000, 0x00000000d5c80000, 0x0000000100000000)
  eden space 5120K, 0% used [0x00000000d5580000,0x00000000d5580000,0x00000000d5a80000)
  from space 512K, 55% used [0x00000000d5b80000,0x00000000d5bc79f8,0x00000000d5c00000)
  to   space 512K, 0% used [0x00000000d5c00000,0x00000000d5c00000,0x00000000d5c80000)
 ParOldGen       total 703488K, used 703431K [0x0000000080000000, 0x00000000aaf00000, 0x00000000d5580000)
  object space 703488K, 99% used [0x0000000080000000,0x00000000aaef1ce0,0x00000000aaf00000)
 Metaspace       used 64977K, committed 66560K, reserved 1114112K
  class space    used 6719K, committed 7424K, reserved 1048576K
}
Event: 60.965 GC heap before
{Heap before GC invocations=941 (full 3):
 PSYoungGen      total 5632K, used 5406K [0x00000000d5580000, 0x00000000d5c80000, 0x0000000100000000)
  eden space 5120K, 100% used [0x00000000d5580000,0x00000000d5a80000,0x00000000d5a80000)
  from space 512K, 55% used [0x00000000d5b80000,0x00000000d5bc79f8,0x00000000d5c00000)
  to   space 512K, 0% used [0x00000000d5c00000,0x00000000d5c00000,0x00000000d5c80000)
 ParOldGen       total 703488K, used 703431K [0x0000000080000000, 0x00000000aaf00000, 0x00000000d5580000)
  object space 703488K, 99% used [0x0000000080000000,0x00000000aaef1ce0,0x00000000aaf00000)
 Metaspace       used 64979K, committed 66560K, reserved 1114112K
  class space    used 6719K, committed 7424K, reserved 1048576K
}
Event: 60.967 GC heap after
{Heap after GC invocations=941 (full 3):
 PSYoungGen      total 5632K, used 292K [0x00000000d5580000, 0x00000000d5c80000, 0x0000000100000000)
  eden space 5120K, 0% used [0x00000000d5580000,0x00000000d5580000,0x00000000d5a80000)
  from space 512K, 57% used [0x00000000d5c00000,0x00000000d5c49198,0x00000000d5c80000)
  to   space 512K, 0% used [0x00000000d5b80000,0x00000000d5b80000,0x00000000d5c00000)
 ParOldGen       total 704000K, used 703684K [0x0000000080000000, 0x00000000aaf80000, 0x00000000d5580000)
  object space 704000K, 99% used [0x0000000080000000,0x00000000aaf311a0,0x00000000aaf80000)
 Metaspace       used 64979K, committed 66560K, reserved 1114112K
  class space    used 6719K, committed 7424K, reserved 1048576K
}

