# JRE version: OpenJDK Runtime Environment Temurin-21.0.10+7 (21.0.10+7) (build 21.0.10+7-LTS)
# Java VM: OpenJDK 64-Bit Server VM Temurin-21.0.10+7 (21.0.10+7-LTS, mixed mode, sharing, tiered, compressed oops, compressed class ptrs, parallel gc, windows-amd64)
GC Precious Log:
 CardTable entry size: 512
 CPUs: 4 total, 4 available
 Memory: 3863M
 Large Page Support: Disabled
 NUMA Support: Disabled
 Compressed Oops: Enabled (32-bit)
 Alignments: Space 512K, Generation 512K, Heap 2M
 Heap Min Capacity: 100M
 Heap Initial Capacity: 100M
 Heap Max Capacity: 2G
 Pre-touch: Disabled
 Parallel Workers: 4
Heap:
 PSYoungGen      total 10240K, used 10138K [0x00000000d5580000, 0x00000000d6380000, 0x0000000100000000)
  eden space 7168K, 100% used [0x00000000d5580000,0x00000000d5c80000,0x00000000d5c80000)
  from space 3072K, 96% used [0x00000000d5c80000,0x00000000d5f66860,0x00000000d5f80000)
  to   space 2560K, 60% used [0x00000000d5f80000,0x00000000d6103390,0x00000000d6200000)
 ParOldGen       total 365056K, used 365051K [0x0000000080000000, 0x0000000096480000, 0x00000000d5580000)
  object space 365056K, 99% used [0x0000000080000000,0x000000009647eec8,0x0000000096480000)
 Metaspace       used 73240K, committed 74880K, reserved 1179648K
  class space    used 7685K, committed 8448K, reserved 1048576K
GC Heap History (20 events):
Event: 49.717 GC heap after
{Heap after GC invocations=413 (full 3):
 PSYoungGen      total 7168K, used 1469K [0x00000000d5580000, 0x00000000d5e00000, 0x0000000100000000)
  eden space 5632K, 0% used [0x00000000d5580000,0x00000000d5580000,0x00000000d5b00000)
  from space 1536K, 95% used [0x00000000d5c80000,0x00000000d5def518,0x00000000d5e00000)
  to   space 1536K, 0% used [0x00000000d5b00000,0x00000000d5b00000,0x00000000d5c80000)
 ParOldGen       total 344576K, used 344422K [0x0000000080000000, 0x0000000095080000, 0x00000000d5580000)
  object space 344576K, 99% used [0x0000000080000000,0x0000000095059be0,0x0000000095080000)
 Metaspace       used 73224K, committed 74880K, reserved 1179648K
  class space    used 7684K, committed 8448K, reserved 1048576K
}
Event: 49.728 GC heap before
{Heap before GC invocations=414 (full 3):
 PSYoungGen      total 7168K, used 7101K [0x00000000d5580000, 0x00000000d5e00000, 0x0000000100000000)
  eden space 5632K, 100% used [0x00000000d5580000,0x00000000d5b00000,0x00000000d5b00000)
  from space 1536K, 95% used [0x00000000d5c80000,0x00000000d5def518,0x00000000d5e00000)
  to   space 1536K, 0% used [0x00000000d5b00000,0x00000000d5b00000,0x00000000d5c80000)
 ParOldGen       total 344576K, used 344422K [0x0000000080000000, 0x0000000095080000, 0x00000000d5580000)
  object space 344576K, 99% used [0x0000000080000000,0x0000000095059be0,0x0000000095080000)
 Metaspace       used 73224K, committed 74880K, reserved 1179648K
  class space    used 7684K, committed 8448K, reserved 1048576K
}
Event: 49.732 GC heap after
{Heap after GC invocations=414 (full 3):
 PSYoungGen      total 7168K, used 1526K [0x00000000d5580000, 0x00000000d6380000, 0x0000000100000000)
  eden space 5632K, 0% used [0x00000000d5580000,0x00000000d5580000,0x00000000d5b00000)
  from space 1536K, 99% used [0x00000000d5b00000,0x00000000d5c7db78,0x00000000d5c80000)
  to   space 3584K, 0% used [0x00000000d6000000,0x00000000d6000000,0x00000000d6380000)
 ParOldGen       total 346112K, used 346111K [0x0000000080000000, 0x0000000095200000, 0x00000000d5580000)
  object space 346112K, 99% used [0x0000000080000000,0x00000000951ffea8,0x0000000095200000)
 Metaspace       used 73224K, committed 74880K, reserved 1179648K
  class space    used 7684K, committed 8448K, reserved 1048576K
}
Event: 49.756 GC heap before
{Heap before GC invocations=415 (full 3):
 PSYoungGen      total 7168K, used 7158K [0x00000000d5580000, 0x00000000d6380000, 0x0000000100000000)
  eden space 5632K, 100% used [0x00000000d5580000,0x00000000d5b00000,0x00000000d5b00000)
  from space 1536K, 99% used [0x00000000d5b00000,0x00000000d5c7db78,0x00000000d5c80000)
  to   space 3584K, 0% used [0x00000000d6000000,0x00000000d6000000,0x00000000d6380000)
 ParOldGen       total 346112K, used 346111K [0x0000000080000000, 0x0000000095200000, 0x00000000d5580000)
  object space 346112K, 99% used [0x0000000080000000,0x00000000951ffea8,0x0000000095200000)
 Metaspace       used 73224K, committed 74880K, reserved 1179648K
  class space    used 7684K, committed 8448K, reserved 1048576K
}
Event: 49.760 GC heap after
{Heap after GC invocations=415 (full 3):
 PSYoungGen      total 8192K, used 2141K [0x00000000d5580000, 0x00000000d6280000, 0x0000000100000000)
  eden space 5632K, 0% used [0x00000000d5580000,0x00000000d5580000,0x00000000d5b00000)
  from space 2560K, 83% used [0x00000000d6000000,0x00000000d6217458,0x00000000d6280000)
  to   space 2560K, 0% used [0x00000000d5d80000,0x00000000d5d80000,0x00000000d6000000)
 ParOldGen       total 347648K, used 347567K [0x0000000080000000, 0x0000000095380000, 0x00000000d5580000)
  object space 347648K, 99% used [0x0000000080000000,0x000000009536bc78,0x0000000095380000)
 Metaspace       used 73224K, committed 74880K, reserved 1179648K
  class space    used 7684K, committed 8448K, reserved 1048576K
}
Event: 49.769 GC heap before
{Heap before GC invocations=416 (full 3):
 PSYoungGen      total 8192K, used 7773K [0x00000000d5580000, 0x00000000d6280000, 0x0000000100000000)
  eden space 5632K, 100% used [0x00000000d5580000,0x00000000d5b00000,0x00000000d5b00000)
  from space 2560K, 83% used [0x00000000d6000000,0x00000000d6217458,0x00000000d6280000)
  to   space 2560K, 0% used [0x00000000d5d80000,0x00000000d5d80000,0x00000000d6000000)
 ParOldGen       total 347648K, used 347567K [0x0000000080000000, 0x0000000095380000, 0x00000000d5580000)
  object space 347648K, 99% used [0x0000000080000000,0x000000009536bc78,0x0000000095380000)
 Metaspace       used 73224K, committed 74880K, reserved 1179648K
  class space    used 7684K, committed 8448K, reserved 1048576K
}
Event: 49.772 GC heap after
{Heap after GC invocations=416 (full 3):
 PSYoungGen      total 9728K, used 2251K [0x00000000d5580000, 0x00000000d6180000, 0x0000000100000000)
  eden space 7168K, 0% used [0x00000000d5580000,0x00000000d5580000,0x00000000d5c80000)
  from space 2560K, 87% used [0x00000000d5d80000,0x00000000d5fb2db0,0x00000000d6000000)
  to   space 1536K, 0% used [0x00000000d6000000,0x00000000d6000000,0x00000000d6180000)
 ParOldGen       total 349696K, used 349643K [0x0000000080000000, 0x0000000095580000, 0x00000000d5580000)
  object space 349696K, 99% used [0x0000000080000000,0x0000000095572ca8,0x0000000095580000)
 Metaspace       used 73224K, committed 74880K, reserved 1179648K
  class space    used 7684K, committed 8448K, reserved 1048576K
}
Event: 49.783 GC heap before
{Heap before GC invocations=417 (full 3):
 PSYoungGen      total 9728K, used 9419K [0x00000000d5580000, 0x00000000d6180000, 0x0000000100000000)
  eden space 7168K, 100% used [0x00000000d5580000,0x00000000d5c80000,0x00000000d5c80000)
  from space 2560K, 87% used [0x00000000d5d80000,0x00000000d5fb2db0,0x00000000d6000000)
  to   space 1536K, 0% used [0x00000000d6000000,0x00000000d6000000,0x00000000d6180000)
 ParOldGen       total 349696K, used 349643K [0x0000000080000000, 0x0000000095580000, 0x00000000d5580000)
  object space 349696K, 99% used [0x0000000080000000,0x0000000095572ca8,0x0000000095580000)
 Metaspace       used 73224K, committed 74880K, reserved 1179648K
  class space    used 7684K, committed 8448K, reserved 1048576K
}
Event: 49.788 GC heap after
{Heap after GC invocations=417 (full 3):
 PSYoungGen      total 6656K, used 1535K [0x00000000d5580000, 0x00000000d6900000, 0x0000000100000000)
  eden space 5120K, 0% used [0x00000000d5580000,0x00000000d5580000,0x00000000d5a80000)
  from space 1536K, 99% used [0x00000000d6000000,0x00000000d617fd40,0x00000000d6180000)
  to   space 5632K, 0% used [0x00000000d5a80000,0x00000000d5a80000,0x00000000d6000000)
 ParOldGen       total 353280K, used 352963K [0x0000000080000000, 0x0000000095900000, 0x00000000d5580000)
  object space 353280K, 99% used [0x0000000080000000,0x00000000958b0d90,0x0000000095900000)
 Metaspace       used 73224K, committed 74880K, reserved 1179648K
  class space    used 7684K, committed 8448K, reserved 1048576K
}
Event: 49.796 GC heap before
{Heap before GC invocations=418 (full 3):
 PSYoungGen      total 6656K, used 6653K [0x00000000d5580000, 0x00000000d6900000, 0x0000000100000000)
  eden space 5120K, 99% used [0x00000000d5580000,0x00000000d5a7f898,0x00000000d5a80000)
  from space 1536K, 99% used [0x00000000d6000000,0x00000000d617fd40,0x00000000d6180000)
  to   space 5632K, 0% used [0x00000000d5a80000,0x00000000d5a80000,0x00000000d6000000)
 ParOldGen       total 353280K, used 352963K [0x0000000080000000, 0x0000000095900000, 0x00000000d5580000)
  object space 353280K, 99% used [0x0000000080000000,0x00000000958b0d90,0x0000000095900000)
 Metaspace       used 73224K, committed 74880K, reserved 1179648K
  class space    used 7684K, committed 8448K, reserved 1048576K
}
Event: 49.799 GC heap after
{Heap after GC invocations=418 (full 3):
 PSYoungGen      total 7168K, used 2002K [0x00000000d5580000, 0x00000000d6180000, 0x0000000100000000)
  eden space 5120K, 0% used [0x00000000d5580000,0x00000000d5580000,0x00000000d5a80000)
  from space 2048K, 97% used [0x00000000d5a80000,0x00000000d5c749b8,0x00000000d5c80000)
  to   space 3072K, 0% used [0x00000000d5e80000,0x00000000d5e80000,0x00000000d6180000)
 ParOldGen       total 354816K, used 354369K [0x0000000080000000, 0x0000000095a80000, 0x00000000d5580000)
  object space 354816K, 99% used [0x0000000080000000,0x0000000095a104a0,0x0000000095a80000)
 Metaspace       used 73224K, committed 74880K, reserved 1179648K
  class space    used 7684K, committed 8448K, reserved 1048576K
}
Event: 49.808 GC heap before
{Heap before GC invocations=419 (full 3):
 PSYoungGen      total 7168K, used 7122K [0x00000000d5580000, 0x00000000d6180000, 0x0000000100000000)
  eden space 5120K, 100% used [0x00000000d5580000,0x00000000d5a80000,0x00000000d5a80000)
  from space 2048K, 97% used [0x00000000d5a80000,0x00000000d5c749b8,0x00000000d5c80000)
  to   space 3072K, 0% used [0x00000000d5e80000,0x00000000d5e80000,0x00000000d6180000)
 ParOldGen       total 354816K, used 354369K [0x0000000080000000, 0x0000000095a80000, 0x00000000d5580000)
  object space 354816K, 99% used [0x0000000080000000,0x0000000095a104a0,0x0000000095a80000)
 Metaspace       used 73224K, committed 74880K, reserved 1179648K
  class space    used 7684K, committed 8448K, reserved 1048576K
}
Event: 49.811 GC heap after
{Heap after GC invocations=419 (full 3):
 PSYoungGen      total 8704K, used 2160K [0x00000000d5580000, 0x00000000d6100000, 0x0000000100000000)
  eden space 6144K, 0% used [0x00000000d5580000,0x00000000d5580000,0x00000000d5b80000)
  from space 2560K, 84% used [0x00000000d5e80000,0x00000000d609c318,0x00000000d6100000)
  to   space 2560K, 0% used [0x00000000d5c00000,0x00000000d5c00000,0x00000000d5e80000)
 ParOldGen       total 356352K, used 356295K [0x0000000080000000, 0x0000000095c00000, 0x00000000d5580000)
  object space 356352K, 99% used [0x0000000080000000,0x0000000095bf1f18,0x0000000095c00000)
 Metaspace       used 73224K, committed 74880K, reserved 1179648K
  class space    used 7684K, committed 8448K, reserved 1048576K
}
Event: 49.821 GC heap before
{Heap before GC invocations=420 (full 3):
 PSYoungGen      total 8704K, used 8303K [0x00000000d5580000, 0x00000000d6100000, 0x0000000100000000)
  eden space 6144K, 99% used [0x00000000d5580000,0x00000000d5b7fb18,0x00000000d5b80000)
  from space 2560K, 84% used [0x00000000d5e80000,0x00000000d609c318,0x00000000d6100000)
  to   space 2560K, 0% used [0x00000000d5c00000,0x00000000d5c00000,0x00000000d5e80000)
 ParOldGen       total 356352K, used 356295K [0x0000000080000000, 0x0000000095c00000, 0x00000000d5580000)
  object space 356352K, 99% used [0x0000000080000000,0x0000000095bf1f18,0x0000000095c00000)
 Metaspace       used 73224K, committed 74880K, reserved 1179648K
  class space    used 7684K, committed 8448K, reserved 1048576K
}
Event: 49.827 GC heap after
{Heap after GC invocations=420 (full 3):
 PSYoungGen      total 9216K, used 2375K [0x00000000d5580000, 0x00000000d6200000, 0x0000000100000000)
  eden space 6656K, 0% used [0x00000000d5580000,0x00000000d5580000,0x00000000d5c00000)
  from space 2560K, 92% used [0x00000000d5c00000,0x00000000d5e51e48,0x00000000d5e80000)
  to   space 2560K, 0% used [0x00000000d5f80000,0x00000000d5f80000,0x00000000d6200000)
 ParOldGen       total 358400K, used 358379K [0x0000000080000000, 0x0000000095e00000, 0x00000000d5580000)
  object space 358400K, 99% used [0x0000000080000000,0x0000000095dfaed8,0x0000000095e00000)
 Metaspace       used 73224K, committed 74880K, reserved 1179648K
  class space    used 7684K, committed 8448K, reserved 1048576K
}
Event: 49.838 GC heap before
{Heap before GC invocations=421 (full 3):
 PSYoungGen      total 9216K, used 9007K [0x00000000d5580000, 0x00000000d6200000, 0x0000000100000000)
  eden space 6656K, 99% used [0x00000000d5580000,0x00000000d5bf9fa8,0x00000000d5c00000)
  from space 2560K, 92% used [0x00000000d5c00000,0x00000000d5e51e48,0x00000000d5e80000)
  to   space 2560K, 0% used [0x00000000d5f80000,0x00000000d5f80000,0x00000000d6200000)
 ParOldGen       total 358400K, used 358379K [0x0000000080000000, 0x0000000095e00000, 0x00000000d5580000)
  object space 358400K, 99% used [0x0000000080000000,0x0000000095dfaed8,0x0000000095e00000)
 Metaspace       used 73224K, committed 74880K, reserved 1179648K
  class space    used 7684K, committed 8448K, reserved 1048576K
}
Event: 49.842 GC heap after
{Heap after GC invocations=421 (full 3):
 PSYoungGen      total 9728K, used 2557K [0x00000000d5580000, 0x00000000d6380000, 0x0000000100000000)
  eden space 7168K, 0% used [0x00000000d5580000,0x00000000d5580000,0x00000000d5c80000)
  from space 2560K, 99% used [0x00000000d5f80000,0x00000000d61ff698,0x00000000d6200000)
  to   space 3072K, 0% used [0x00000000d5c80000,0x00000000d5c80000,0x00000000d5f80000)
 ParOldGen       total 361472K, used 360989K [0x0000000080000000, 0x0000000096100000, 0x00000000d5580000)
  object space 361472K, 99% used [0x0000000080000000,0x00000000960877b8,0x0000000096100000)
 Metaspace       used 73224K, committed 74880K, reserved 1179648K
  class space    used 7684K, committed 8448K, reserved 1048576K
}
Event: 49.853 GC heap before
{Heap before GC invocations=422 (full 3):
 PSYoungGen      total 9728K, used 9725K [0x00000000d5580000, 0x00000000d6380000, 0x0000000100000000)
  eden space 7168K, 100% used [0x00000000d5580000,0x00000000d5c80000,0x00000000d5c80000)
  from space 2560K, 99% used [0x00000000d5f80000,0x00000000d61ff698,0x00000000d6200000)
  to   space 3072K, 0% used [0x00000000d5c80000,0x00000000d5c80000,0x00000000d5f80000)
 ParOldGen       total 361472K, used 360989K [0x0000000080000000, 0x0000000096100000, 0x00000000d5580000)
  object space 361472K, 99% used [0x0000000080000000,0x00000000960877b8,0x0000000096100000)
 Metaspace       used 73224K, committed 74880K, reserved 1179648K
  class space    used 7684K, committed 8448K, reserved 1048576K
}
Event: 50.320 GC heap after
{Heap after GC invocations=422 (full 3):
 PSYoungGen      total 10240K, used 2970K [0x00000000d5580000, 0x00000000d6380000, 0x0000000100000000)
  eden space 7168K, 0% used [0x00000000d5580000,0x00000000d5580000,0x00000000d5c80000)
  from space 3072K, 96% used [0x00000000d5c80000,0x00000000d5f66860,0x00000000d5f80000)
  to   space 2560K, 0% used [0x00000000d5f80000,0x00000000d5f80000,0x00000000d6200000)
 ParOldGen       total 363520K, used 363424K [0x0000000080000000, 0x0000000096300000, 0x00000000d5580000)
  object space 363520K, 99% used [0x0000000080000000,0x00000000962e80f0,0x0000000096300000)
 Metaspace       used 73224K, committed 74880K, reserved 1179648K
  class space    used 7684K, committed 8448K, reserved 1048576K
}
Event: 51.453 GC heap before
{Heap before GC invocations=423 (full 3):
 PSYoungGen      total 10240K, used 10138K [0x00000000d5580000, 0x00000000d6380000, 0x0000000100000000)
  eden space 7168K, 100% used [0x00000000d5580000,0x00000000d5c80000,0x00000000d5c80000)
  from space 3072K, 96% used [0x00000000d5c80000,0x00000000d5f66860,0x00000000d5f80000)
  to   space 2560K, 0% used [0x00000000d5f80000,0x00000000d5f80000,0x00000000d6200000)
 ParOldGen       total 363520K, used 363424K [0x0000000080000000, 0x0000000096300000, 0x00000000d5580000)
  object space 363520K, 99% used [0x0000000080000000,0x00000000962e80f0,0x0000000096300000)
 Metaspace       used 73240K, committed 74880K, reserved 1179648K
  class space    used 7685K, committed 8448K, reserved 1048576K
}

