# JRE version: OpenJDK Runtime Environment Temurin-21.0.10+7 (21.0.10+7) (build 21.0.10+7-LTS)
# Java VM: OpenJDK 64-Bit Server VM Temurin-21.0.10+7 (21.0.10+7-LTS, mixed mode, sharing, tiered, compressed oops, compressed class ptrs, parallel gc, windows-amd64)
GC Precious Log:
 CardTable entry size: 512
 CPUs: 4 total, 4 available
 Memory: 3863M
 Large Page Support: Disabled
 NUMA Support: Disabled
 Compressed Oops: Enabled (32-bit)
 Alignments: Space 512K, Generation 512K, Heap 2M
 Heap Min Capacity: 100M
 Heap Initial Capacity: 100M
 Heap Max Capacity: 2G
 Pre-touch: Disabled
 Parallel Workers: 4
Heap:
 PSYoungGen      total 6144K, used 1744K [0x00000000d5580000, 0x00000000d6000000, 0x0000000100000000)
  eden space 5632K, 23% used [0x00000000d5580000,0x00000000d56cc340,0x00000000d5b00000)
  from space 512K, 81% used [0x00000000d5f80000,0x00000000d5fe8000,0x00000000d6000000)
  to   space 1024K, 0% used [0x00000000d5e00000,0x00000000d5e00000,0x00000000d5f00000)
 ParOldGen       total 918528K, used 158143K [0x0000000080000000, 0x00000000b8100000, 0x00000000d5580000)
  object space 918528K, 17% used [0x0000000080000000,0x0000000089a6fed0,0x00000000b8100000)
 Metaspace       used 85642K, committed 87616K, reserved 1179648K
  class space    used 8584K, committed 9472K, reserved 1048576K
GC Heap History (20 events):
Event: 5920.887 GC heap before
{Heap before GC invocations=2439 (full 5):
 PSYoungGen      total 6656K, used 6548K [0x00000000d5580000, 0x00000000d5e00000, 0x0000000100000000)
  eden space 5632K, 100% used [0x00000000d5580000,0x00000000d5b00000,0x00000000d5b00000)
  from space 1024K, 89% used [0x00000000d5c00000,0x00000000d5ce5200,0x00000000d5d00000)
  to   space 1024K, 0% used [0x00000000d5d00000,0x00000000d5d00000,0x00000000d5e00000)
 ParOldGen       total 918528K, used 147711K [0x0000000080000000, 0x00000000b8100000, 0x00000000d5580000)
  object space 918528K, 16% used [0x0000000080000000,0x000000008903fe70,0x00000000b8100000)
 Metaspace       used 85627K, committed 87616K, reserved 1179648K
  class space    used 8584K, committed 9472K, reserved 1048576K
}
Event: 5920.893 GC heap after
{Heap after GC invocations=2439 (full 5):
 PSYoungGen      total 6144K, used 416K [0x00000000d5580000, 0x00000000d5d80000, 0x0000000100000000)
  eden space 5632K, 0% used [0x00000000d5580000,0x00000000d5580000,0x00000000d5b00000)
  from space 512K, 81% used [0x00000000d5d00000,0x00000000d5d68000,0x00000000d5d80000)
  to   space 1024K, 0% used [0x00000000d5b80000,0x00000000d5b80000,0x00000000d5c80000)
 ParOldGen       total 918528K, used 148576K [0x0000000080000000, 0x00000000b8100000, 0x00000000d5580000)
  object space 918528K, 16% used [0x0000000080000000,0x00000000891180b0,0x00000000b8100000)
 Metaspace       used 85627K, committed 87616K, reserved 1179648K
  class space    used 8584K, committed 9472K, reserved 1048576K
}
Event: 5921.259 GC heap before
{Heap before GC invocations=2440 (full 5):
 PSYoungGen      total 6144K, used 6047K [0x00000000d5580000, 0x00000000d5d80000, 0x0000000100000000)
  eden space 5632K, 99% used [0x00000000d5580000,0x00000000d5affff8,0x00000000d5b00000)
  from space 512K, 81% used [0x00000000d5d00000,0x00000000d5d68000,0x00000000d5d80000)
  to   space 1024K, 0% used [0x00000000d5b80000,0x00000000d5b80000,0x00000000d5c80000)
 ParOldGen       total 918528K, used 148576K [0x0000000080000000, 0x00000000b8100000, 0x00000000d5580000)
  object space 918528K, 16% used [0x0000000080000000,0x00000000891180b0,0x00000000b8100000)
 Metaspace       used 85640K, committed 87616K, reserved 1179648K
  class space    used 8584K, committed 9472K, reserved 1048576K
}
Event: 5921.265 GC heap after
{Heap after GC invocations=2440 (full 5):
 PSYoungGen      total 6656K, used 820K [0x00000000d5580000, 0x00000000d5d80000, 0x0000000100000000)
  eden space 5632K, 0% used [0x00000000d5580000,0x00000000d5580000,0x00000000d5b00000)
  from space 1024K, 80% used [0x00000000d5b80000,0x00000000d5c4d200,0x00000000d5c80000)
  to   space 1024K, 0% used [0x00000000d5c80000,0x00000000d5c80000,0x00000000d5d80000)
 ParOldGen       total 918528K, used 148932K [0x0000000080000000, 0x00000000b8100000, 0x00000000d5580000)
  object space 918528K, 16% used [0x0000000080000000,0x0000000089171100,0x00000000b8100000)
 Metaspace       used 85640K, committed 87616K, reserved 1179648K
  class space    used 8584K, committed 9472K, reserved 1048576K
}
Event: 5921.285 GC heap before
{Heap before GC invocations=2441 (full 5):
 PSYoungGen      total 6656K, used 6452K [0x00000000d5580000, 0x00000000d5d80000, 0x0000000100000000)
  eden space 5632K, 100% used [0x00000000d5580000,0x00000000d5b00000,0x00000000d5b00000)
  from space 1024K, 80% used [0x00000000d5b80000,0x00000000d5c4d200,0x00000000d5c80000)
  to   space 1024K, 0% used [0x00000000d5c80000,0x00000000d5c80000,0x00000000d5d80000)
 ParOldGen       total 918528K, used 148932K [0x0000000080000000, 0x00000000b8100000, 0x00000000d5580000)
  object space 918528K, 16% used [0x0000000080000000,0x0000000089171100,0x00000000b8100000)
 Metaspace       used 85640K, committed 87616K, reserved 1179648K
  class space    used 8584K, committed 9472K, reserved 1048576K
}
Event: 5921.289 GC heap after
{Heap after GC invocations=2441 (full 5):
 PSYoungGen      total 6144K, used 448K [0x00000000d5580000, 0x00000000d5d00000, 0x0000000100000000)
  eden space 5632K, 0% used [0x00000000d5580000,0x00000000d5580000,0x00000000d5b00000)
  from space 512K, 87% used [0x00000000d5c80000,0x00000000d5cf0000,0x00000000d5d00000)
  to   space 1024K, 0% used [0x00000000d5b00000,0x00000000d5b00000,0x00000000d5c00000)
 ParOldGen       total 918528K, used 149688K [0x0000000080000000, 0x00000000b8100000, 0x00000000d5580000)
  object space 918528K, 16% used [0x0000000080000000,0x000000008922e330,0x00000000b8100000)
 Metaspace       used 85640K, committed 87616K, reserved 1179648K
  class space    used 8584K, committed 9472K, reserved 1048576K
}
Event: 5921.361 GC heap before
{Heap before GC invocations=2442 (full 5):
 PSYoungGen      total 6144K, used 6080K [0x00000000d5580000, 0x00000000d5d00000, 0x0000000100000000)
  eden space 5632K, 100% used [0x00000000d5580000,0x00000000d5b00000,0x00000000d5b00000)
  from space 512K, 87% used [0x00000000d5c80000,0x00000000d5cf0000,0x00000000d5d00000)
  to   space 1024K, 0% used [0x00000000d5b00000,0x00000000d5b00000,0x00000000d5c00000)
 ParOldGen       total 918528K, used 149688K [0x0000000080000000, 0x00000000b8100000, 0x00000000d5580000)
  object space 918528K, 16% used [0x0000000080000000,0x000000008922e330,0x00000000b8100000)
 Metaspace       used 85640K, committed 87616K, reserved 1179648K
  class space    used 8584K, committed 9472K, reserved 1048576K
}
Event: 5921.367 GC heap after
{Heap after GC invocations=2442 (full 5):
 PSYoungGen      total 6656K, used 1004K [0x00000000d5580000, 0x00000000d5f00000, 0x0000000100000000)
  eden space 5632K, 0% used [0x00000000d5580000,0x00000000d5580000,0x00000000d5b00000)
  from space 1024K, 98% used [0x00000000d5b00000,0x00000000d5bfb100,0x00000000d5c00000)
  to   space 2048K, 0% used [0x00000000d5d00000,0x00000000d5d00000,0x00000000d5f00000)
 ParOldGen       total 918528K, used 150104K [0x0000000080000000, 0x00000000b8100000, 0x00000000d5580000)
  object space 918528K, 16% used [0x0000000080000000,0x0000000089296390,0x00000000b8100000)
 Metaspace       used 85640K, committed 87616K, reserved 1179648K
  class space    used 8584K, committed 9472K, reserved 1048576K
}
Event: 5921.388 GC heap before
{Heap before GC invocations=2443 (full 5):
 PSYoungGen      total 6656K, used 6636K [0x00000000d5580000, 0x00000000d5f00000, 0x0000000100000000)
  eden space 5632K, 100% used [0x00000000d5580000,0x00000000d5b00000,0x00000000d5b00000)
  from space 1024K, 98% used [0x00000000d5b00000,0x00000000d5bfb100,0x00000000d5c00000)
  to   space 2048K, 0% used [0x00000000d5d00000,0x00000000d5d00000,0x00000000d5f00000)
 ParOldGen       total 918528K, used 150104K [0x0000000080000000, 0x00000000b8100000, 0x00000000d5580000)
  object space 918528K, 16% used [0x0000000080000000,0x0000000089296390,0x00000000b8100000)
 Metaspace       used 85640K, committed 87616K, reserved 1179648K
  class space    used 8584K, committed 9472K, reserved 1048576K
}
Event: 5921.391 GC heap after
{Heap after GC invocations=2443 (full 5):
 PSYoungGen      total 7168K, used 1063K [0x00000000d5580000, 0x00000000d5e80000, 0x0000000100000000)
  eden space 5632K, 0% used [0x00000000d5580000,0x00000000d5580000,0x00000000d5b00000)
  from space 1536K, 69% used [0x00000000d5d00000,0x00000000d5e09f10,0x00000000d5e80000)
  to   space 1536K, 0% used [0x00000000d5b80000,0x00000000d5b80000,0x00000000d5d00000)
 ParOldGen       total 918528K, used 150560K [0x0000000080000000, 0x00000000b8100000, 0x00000000d5580000)
  object space 918528K, 16% used [0x0000000080000000,0x00000000893083d0,0x00000000b8100000)
 Metaspace       used 85640K, committed 87616K, reserved 1179648K
  class space    used 8584K, committed 9472K, reserved 1048576K
}
Event: 5921.470 GC heap before
{Heap before GC invocations=2444 (full 5):
 PSYoungGen      total 7168K, used 6695K [0x00000000d5580000, 0x00000000d5e80000, 0x0000000100000000)
  eden space 5632K, 100% used [0x00000000d5580000,0x00000000d5b00000,0x00000000d5b00000)
  from space 1536K, 69% used [0x00000000d5d00000,0x00000000d5e09f10,0x00000000d5e80000)
  to   space 1536K, 0% used [0x00000000d5b80000,0x00000000d5b80000,0x00000000d5d00000)
 ParOldGen       total 918528K, used 150560K [0x0000000080000000, 0x00000000b8100000, 0x00000000d5580000)
  object space 918528K, 16% used [0x0000000080000000,0x00000000893083d0,0x00000000b8100000)
 Metaspace       used 85640K, committed 87616K, reserved 1179648K
  class space    used 8584K, committed 9472K, reserved 1048576K
}
Event: 5921.490 GC heap after
{Heap after GC invocations=2444 (full 5):
 PSYoungGen      total 7168K, used 1536K [0x00000000d5580000, 0x00000000d6600000, 0x0000000100000000)
  eden space 5632K, 0% used [0x00000000d5580000,0x00000000d5580000,0x00000000d5b00000)
  from space 1536K, 100% used [0x00000000d5b80000,0x00000000d5d00000,0x00000000d5d00000)
  to   space 5632K, 0% used [0x00000000d6080000,0x00000000d6080000,0x00000000d6600000)
 ParOldGen       total 918528K, used 153681K [0x0000000080000000, 0x00000000b8100000, 0x00000000d5580000)
  object space 918528K, 16% used [0x0000000080000000,0x00000000896145a0,0x00000000b8100000)
 Metaspace       used 85640K, committed 87616K, reserved 1179648K
  class space    used 8584K, committed 9472K, reserved 1048576K
}
Event: 5921.586 GC heap before
{Heap before GC invocations=2445 (full 5):
 PSYoungGen      total 7168K, used 7168K [0x00000000d5580000, 0x00000000d6600000, 0x0000000100000000)
  eden space 5632K, 100% used [0x00000000d5580000,0x00000000d5b00000,0x00000000d5b00000)
  from space 1536K, 100% used [0x00000000d5b80000,0x00000000d5d00000,0x00000000d5d00000)
  to   space 5632K, 0% used [0x00000000d6080000,0x00000000d6080000,0x00000000d6600000)
 ParOldGen       total 918528K, used 153681K [0x0000000080000000, 0x00000000b8100000, 0x00000000d5580000)
  object space 918528K, 16% used [0x0000000080000000,0x00000000896145a0,0x00000000b8100000)
 Metaspace       used 85641K, committed 87616K, reserved 1179648K
  class space    used 8584K, committed 9472K, reserved 1048576K
}
Event: 5921.592 GC heap after
{Heap after GC invocations=2445 (full 5):
 PSYoungGen      total 7168K, used 1172K [0x00000000d5580000, 0x00000000d6200000, 0x0000000100000000)
  eden space 5632K, 0% used [0x00000000d5580000,0x00000000d5580000,0x00000000d5b00000)
  from space 1536K, 76% used [0x00000000d6080000,0x00000000d61a5110,0x00000000d6200000)
  to   space 2560K, 0% used [0x00000000d5d00000,0x00000000d5d00000,0x00000000d5f80000)
 ParOldGen       total 918528K, used 155223K [0x0000000080000000, 0x00000000b8100000, 0x00000000d5580000)
  object space 918528K, 16% used [0x0000000080000000,0x0000000089795f00,0x00000000b8100000)
 Metaspace       used 85641K, committed 87616K, reserved 1179648K
  class space    used 8584K, committed 9472K, reserved 1048576K
}
Event: 5921.607 GC heap before
{Heap before GC invocations=2446 (full 5):
 PSYoungGen      total 7168K, used 6804K [0x00000000d5580000, 0x00000000d6200000, 0x0000000100000000)
  eden space 5632K, 100% used [0x00000000d5580000,0x00000000d5b00000,0x00000000d5b00000)
  from space 1536K, 76% used [0x00000000d6080000,0x00000000d61a5110,0x00000000d6200000)
  to   space 2560K, 0% used [0x00000000d5d00000,0x00000000d5d00000,0x00000000d5f80000)
 ParOldGen       total 918528K, used 155223K [0x0000000080000000, 0x00000000b8100000, 0x00000000d5580000)
  object space 918528K, 16% used [0x0000000080000000,0x0000000089795f00,0x00000000b8100000)
 Metaspace       used 85641K, committed 87616K, reserved 1179648K
  class space    used 8584K, committed 9472K, reserved 1048576K
}
Event: 5921.611 GC heap after
{Heap after GC invocations=2446 (full 5):
 PSYoungGen      total 8192K, used 640K [0x00000000d5580000, 0x00000000d6100000, 0x0000000100000000)
  eden space 5632K, 0% used [0x00000000d5580000,0x00000000d5580000,0x00000000d5b00000)
  from space 2560K, 25% used [0x00000000d5d00000,0x00000000d5da0000,0x00000000d5f80000)
  to   space 1536K, 0% used [0x00000000d5f80000,0x00000000d5f80000,0x00000000d6100000)
 ParOldGen       total 918528K, used 156346K [0x0000000080000000, 0x00000000b8100000, 0x00000000d5580000)
  object space 918528K, 17% used [0x0000000080000000,0x00000000898ae960,0x00000000b8100000)
 Metaspace       used 85641K, committed 87616K, reserved 1179648K
  class space    used 8584K, committed 9472K, reserved 1048576K
}
Event: 5921.643 GC heap before
{Heap before GC invocations=2447 (full 5):
 PSYoungGen      total 8192K, used 6272K [0x00000000d5580000, 0x00000000d6100000, 0x0000000100000000)
  eden space 5632K, 100% used [0x00000000d5580000,0x00000000d5b00000,0x00000000d5b00000)
  from space 2560K, 25% used [0x00000000d5d00000,0x00000000d5da0000,0x00000000d5f80000)
  to   space 1536K, 0% used [0x00000000d5f80000,0x00000000d5f80000,0x00000000d6100000)
 ParOldGen       total 918528K, used 156346K [0x0000000080000000, 0x00000000b8100000, 0x00000000d5580000)
  object space 918528K, 17% used [0x0000000080000000,0x00000000898ae960,0x00000000b8100000)
 Metaspace       used 85641K, committed 87616K, reserved 1179648K
  class space    used 8584K, committed 9472K, reserved 1048576K
}
Event: 5921.647 GC heap after
{Heap after GC invocations=2447 (full 5):
 PSYoungGen      total 6656K, used 544K [0x00000000d5580000, 0x00000000d6080000, 0x0000000100000000)
  eden space 5632K, 0% used [0x00000000d5580000,0x00000000d5580000,0x00000000d5b00000)
  from space 1024K, 53% used [0x00000000d5f80000,0x00000000d6008000,0x00000000d6080000)
  to   space 1024K, 0% used [0x00000000d5e80000,0x00000000d5e80000,0x00000000d5f80000)
 ParOldGen       total 918528K, used 156914K [0x0000000080000000, 0x00000000b8100000, 0x00000000d5580000)
  object space 918528K, 17% used [0x0000000080000000,0x000000008993c9a0,0x00000000b8100000)
 Metaspace       used 85641K, committed 87616K, reserved 1179648K
  class space    used 8584K, committed 9472K, reserved 1048576K
}
Event: 5921.794 GC heap before
{Heap before GC invocations=2448 (full 5):
 PSYoungGen      total 6656K, used 6176K [0x00000000d5580000, 0x00000000d6080000, 0x0000000100000000)
  eden space 5632K, 100% used [0x00000000d5580000,0x00000000d5b00000,0x00000000d5b00000)
  from space 1024K, 53% used [0x00000000d5f80000,0x00000000d6008000,0x00000000d6080000)
  to   space 1024K, 0% used [0x00000000d5e80000,0x00000000d5e80000,0x00000000d5f80000)
 ParOldGen       total 918528K, used 156914K [0x0000000080000000, 0x00000000b8100000, 0x00000000d5580000)
  object space 918528K, 17% used [0x0000000080000000,0x000000008993c9a0,0x00000000b8100000)
 Metaspace       used 85642K, committed 87616K, reserved 1179648K
  class space    used 8584K, committed 9472K, reserved 1048576K
}
Event: 5922.311 GC heap after
{Heap after GC invocations=2448 (full 5):
 PSYoungGen      total 6656K, used 788K [0x00000000d5580000, 0x00000000d6000000, 0x0000000100000000)
  eden space 5632K, 0% used [0x00000000d5580000,0x00000000d5580000,0x00000000d5b00000)
  from space 1024K, 77% used [0x00000000d5e80000,0x00000000d5f45200,0x00000000d5f80000)
  to   space 512K, 0% used [0x00000000d5f80000,0x00000000d5f80000,0x00000000d6000000)
 ParOldGen       total 918528K, used 157434K [0x0000000080000000, 0x00000000b8100000, 0x00000000d5580000)
  object space 918528K, 17% used [0x0000000080000000,0x00000000899bea00,0x00000000b8100000)
 Metaspace       used 85642K, committed 87616K, reserved 1179648K
  class space    used 8584K, committed 9472K, reserved 1048576K
}

