# JRE version: OpenJDK Runtime Environment Temurin-21.0.10+7 (21.0.10+7) (build 21.0.10+7-LTS)
# Java VM: OpenJDK 64-Bit Server VM Temurin-21.0.10+7 (21.0.10+7-LTS, mixed mode, sharing, tiered, compressed oops, compressed class ptrs, parallel gc, windows-amd64)
GC Precious Log:
 CardTable entry size: 512
 CPUs: 4 total, 4 available
 Memory: 3863M
 Large Page Support: Disabled
 NUMA Support: Disabled
 Compressed Oops: Enabled (32-bit)
 Alignments: Space 512K, Generation 512K, Heap 2M
 Heap Min Capacity: 100M
 Heap Initial Capacity: 100M
 Heap Max Capacity: 2G
 Pre-touch: Disabled
 Parallel Workers: 4
Heap:
 PSYoungGen      total 11776K, used 4287K [0x00000000d5580000, 0x00000000d6200000, 0x0000000100000000)
  eden space 11264K, 36% used [0x00000000d5580000,0x00000000d59875d0,0x00000000d6080000)
  from space 512K, 56% used [0x00000000d6100000,0x00000000d6148000,0x00000000d6180000)
  to   space 512K, 0% used [0x00000000d6180000,0x00000000d6180000,0x00000000d6200000)
 ParOldGen       total 86528K, used 86260K [0x0000000080000000, 0x0000000085480000, 0x00000000d5580000)
  object space 86528K, 99% used [0x0000000080000000,0x000000008543d070,0x0000000085480000)
 Metaspace       used 66814K, committed 68352K, reserved 1114112K
  class space    used 6942K, committed 7616K, reserved 1048576K
GC Heap History (20 events):
Event: 23.699 GC heap before
{Heap before GC invocations=100 (full 3):
 PSYoungGen      total 11776K, used 11755K [0x00000000d5580000, 0x00000000d6200000, 0x0000000100000000)
  eden space 11264K, 100% used [0x00000000d5580000,0x00000000d6080000,0x00000000d6080000)
  from space 512K, 95% used [0x00000000d6180000,0x00000000d61fad50,0x00000000d6200000)
  to   space 512K, 0% used [0x00000000d6100000,0x00000000d6100000,0x00000000d6180000)
 ParOldGen       total 83968K, used 83719K [0x0000000080000000, 0x0000000085200000, 0x00000000d5580000)
  object space 83968K, 99% used [0x0000000080000000,0x00000000851c1c50,0x0000000085200000)
 Metaspace       used 66670K, committed 68288K, reserved 1114112K
  class space    used 6928K, committed 7616K, reserved 1048576K
}
Event: 23.701 GC heap after
{Heap after GC invocations=100 (full 3):
 PSYoungGen      total 11776K, used 225K [0x00000000d5580000, 0x00000000d6200000, 0x0000000100000000)
  eden space 11264K, 0% used [0x00000000d5580000,0x00000000d5580000,0x00000000d6080000)
  from space 512K, 44% used [0x00000000d6100000,0x00000000d6138570,0x00000000d6180000)
  to   space 512K, 0% used [0x00000000d6180000,0x00000000d6180000,0x00000000d6200000)
 ParOldGen       total 84480K, used 84111K [0x0000000080000000, 0x0000000085280000, 0x00000000d5580000)
  object space 84480K, 99% used [0x0000000080000000,0x0000000085223ce8,0x0000000085280000)
 Metaspace       used 66670K, committed 68288K, reserved 1114112K
  class space    used 6928K, committed 7616K, reserved 1048576K
}
Event: 23.742 GC heap before
{Heap before GC invocations=101 (full 3):
 PSYoungGen      total 11776K, used 11489K [0x00000000d5580000, 0x00000000d6200000, 0x0000000100000000)
  eden space 11264K, 100% used [0x00000000d5580000,0x00000000d6080000,0x00000000d6080000)
  from space 512K, 44% used [0x00000000d6100000,0x00000000d6138570,0x00000000d6180000)
  to   space 512K, 0% used [0x00000000d6180000,0x00000000d6180000,0x00000000d6200000)
 ParOldGen       total 84480K, used 84111K [0x0000000080000000, 0x0000000085280000, 0x00000000d5580000)
  object space 84480K, 99% used [0x0000000080000000,0x0000000085223ce8,0x0000000085280000)
 Metaspace       used 66670K, committed 68288K, reserved 1114112K
  class space    used 6928K, committed 7616K, reserved 1048576K
}
Event: 23.743 GC heap after
{Heap after GC invocations=101 (full 3):
 PSYoungGen      total 11776K, used 384K [0x00000000d5580000, 0x00000000d6200000, 0x0000000100000000)
  eden space 11264K, 0% used [0x00000000d5580000,0x00000000d5580000,0x00000000d6080000)
  from space 512K, 75% used [0x00000000d6180000,0x00000000d61e0000,0x00000000d6200000)
  to   space 512K, 0% used [0x00000000d6100000,0x00000000d6100000,0x00000000d6180000)
 ParOldGen       total 84480K, used 84159K [0x0000000080000000, 0x0000000085280000, 0x00000000d5580000)
  object space 84480K, 99% used [0x0000000080000000,0x000000008522fce8,0x0000000085280000)
 Metaspace       used 66670K, committed 68288K, reserved 1114112K
  class space    used 6928K, committed 7616K, reserved 1048576K
}
Event: 23.794 GC heap before
{Heap before GC invocations=102 (full 3):
 PSYoungGen      total 11776K, used 11648K [0x00000000d5580000, 0x00000000d6200000, 0x0000000100000000)
  eden space 11264K, 100% used [0x00000000d5580000,0x00000000d6080000,0x00000000d6080000)
  from space 512K, 75% used [0x00000000d6180000,0x00000000d61e0000,0x00000000d6200000)
  to   space 512K, 0% used [0x00000000d6100000,0x00000000d6100000,0x00000000d6180000)
 ParOldGen       total 84480K, used 84159K [0x0000000080000000, 0x0000000085280000, 0x00000000d5580000)
  object space 84480K, 99% used [0x0000000080000000,0x000000008522fce8,0x0000000085280000)
 Metaspace       used 66697K, committed 68288K, reserved 1114112K
  class space    used 6930K, committed 7616K, reserved 1048576K
}
Event: 23.796 GC heap after
{Heap after GC invocations=102 (full 3):
 PSYoungGen      total 11776K, used 361K [0x00000000d5580000, 0x00000000d6200000, 0x0000000100000000)
  eden space 11264K, 0% used [0x00000000d5580000,0x00000000d5580000,0x00000000d6080000)
  from space 512K, 70% used [0x00000000d6100000,0x00000000d615a400,0x00000000d6180000)
  to   space 512K, 0% used [0x00000000d6180000,0x00000000d6180000,0x00000000d6200000)
 ParOldGen       total 84480K, used 84446K [0x0000000080000000, 0x0000000085280000, 0x00000000d5580000)
  object space 84480K, 99% used [0x0000000080000000,0x0000000085277a70,0x0000000085280000)
 Metaspace       used 66697K, committed 68288K, reserved 1114112K
  class space    used 6930K, committed 7616K, reserved 1048576K
}
Event: 23.845 GC heap before
{Heap before GC invocations=103 (full 3):
 PSYoungGen      total 11776K, used 11625K [0x00000000d5580000, 0x00000000d6200000, 0x0000000100000000)
  eden space 11264K, 100% used [0x00000000d5580000,0x00000000d6080000,0x00000000d6080000)
  from space 512K, 70% used [0x00000000d6100000,0x00000000d615a400,0x00000000d6180000)
  to   space 512K, 0% used [0x00000000d6180000,0x00000000d6180000,0x00000000d6200000)
 ParOldGen       total 84480K, used 84446K [0x0000000080000000, 0x0000000085280000, 0x00000000d5580000)
  object space 84480K, 99% used [0x0000000080000000,0x0000000085277a70,0x0000000085280000)
 Metaspace       used 66697K, committed 68288K, reserved 1114112K
  class space    used 6930K, committed 7616K, reserved 1048576K
}
Event: 23.846 GC heap after
{Heap after GC invocations=103 (full 3):
 PSYoungGen      total 11776K, used 398K [0x00000000d5580000, 0x00000000d6200000, 0x0000000100000000)
  eden space 11264K, 0% used [0x00000000d5580000,0x00000000d5580000,0x00000000d6080000)
  from space 512K, 77% used [0x00000000d6180000,0x00000000d61e3b00,0x00000000d6200000)
  to   space 512K, 0% used [0x00000000d6100000,0x00000000d6100000,0x00000000d6180000)
 ParOldGen       total 84992K, used 84695K [0x0000000080000000, 0x0000000085300000, 0x00000000d5580000)
  object space 84992K, 99% used [0x0000000080000000,0x00000000852b5e70,0x0000000085300000)
 Metaspace       used 66697K, committed 68288K, reserved 1114112K
  class space    used 6930K, committed 7616K, reserved 1048576K
}
Event: 23.950 GC heap before
{Heap before GC invocations=104 (full 3):
 PSYoungGen      total 11776K, used 11662K [0x00000000d5580000, 0x00000000d6200000, 0x0000000100000000)
  eden space 11264K, 100% used [0x00000000d5580000,0x00000000d6080000,0x00000000d6080000)
  from space 512K, 77% used [0x00000000d6180000,0x00000000d61e3b00,0x00000000d6200000)
  to   space 512K, 0% used [0x00000000d6100000,0x00000000d6100000,0x00000000d6180000)
 ParOldGen       total 84992K, used 84695K [0x0000000080000000, 0x0000000085300000, 0x00000000d5580000)
  object space 84992K, 99% used [0x0000000080000000,0x00000000852b5e70,0x0000000085300000)
 Metaspace       used 66730K, committed 68288K, reserved 1114112K
  class space    used 6937K, committed 7616K, reserved 1048576K
}
Event: 23.951 GC heap after
{Heap after GC invocations=104 (full 3):
 PSYoungGen      total 11776K, used 288K [0x00000000d5580000, 0x00000000d6200000, 0x0000000100000000)
  eden space 11264K, 0% used [0x00000000d5580000,0x00000000d5580000,0x00000000d6080000)
  from space 512K, 56% used [0x00000000d6100000,0x00000000d6148000,0x00000000d6180000)
  to   space 512K, 0% used [0x00000000d6180000,0x00000000d6180000,0x00000000d6200000)
 ParOldGen       total 85504K, used 85008K [0x0000000080000000, 0x0000000085380000, 0x00000000d5580000)
  object space 85504K, 99% used [0x0000000080000000,0x0000000085304270,0x0000000085380000)
 Metaspace       used 66730K, committed 68288K, reserved 1114112K
  class space    used 6937K, committed 7616K, reserved 1048576K
}
Event: 23.966 GC heap before
{Heap before GC invocations=105 (full 3):
 PSYoungGen      total 11776K, used 11552K [0x00000000d5580000, 0x00000000d6200000, 0x0000000100000000)
  eden space 11264K, 100% used [0x00000000d5580000,0x00000000d6080000,0x00000000d6080000)
  from space 512K, 56% used [0x00000000d6100000,0x00000000d6148000,0x00000000d6180000)
  to   space 512K, 0% used [0x00000000d6180000,0x00000000d6180000,0x00000000d6200000)
 ParOldGen       total 85504K, used 85008K [0x0000000080000000, 0x0000000085380000, 0x00000000d5580000)
  object space 85504K, 99% used [0x0000000080000000,0x0000000085304270,0x0000000085380000)
 Metaspace       used 66755K, committed 68352K, reserved 1114112K
  class space    used 6939K, committed 7616K, reserved 1048576K
}
Event: 23.967 GC heap after
{Heap after GC invocations=105 (full 3):
 PSYoungGen      total 11776K, used 288K [0x00000000d5580000, 0x00000000d6200000, 0x0000000100000000)
  eden space 11264K, 0% used [0x00000000d5580000,0x00000000d5580000,0x00000000d6080000)
  from space 512K, 56% used [0x00000000d6180000,0x00000000d61c8000,0x00000000d6200000)
  to   space 512K, 0% used [0x00000000d6100000,0x00000000d6100000,0x00000000d6180000)
 ParOldGen       total 85504K, used 85200K [0x0000000080000000, 0x0000000085380000, 0x00000000d5580000)
  object space 85504K, 99% used [0x0000000080000000,0x0000000085334270,0x0000000085380000)
 Metaspace       used 66755K, committed 68352K, reserved 1114112K
  class space    used 6939K, committed 7616K, reserved 1048576K
}
Event: 23.993 GC heap before
{Heap before GC invocations=106 (full 3):
 PSYoungGen      total 11776K, used 11552K [0x00000000d5580000, 0x00000000d6200000, 0x0000000100000000)
  eden space 11264K, 100% used [0x00000000d5580000,0x00000000d6080000,0x00000000d6080000)
  from space 512K, 56% used [0x00000000d6180000,0x00000000d61c8000,0x00000000d6200000)
  to   space 512K, 0% used [0x00000000d6100000,0x00000000d6100000,0x00000000d6180000)
 ParOldGen       total 85504K, used 85200K [0x0000000080000000, 0x0000000085380000, 0x00000000d5580000)
  object space 85504K, 99% used [0x0000000080000000,0x0000000085334270,0x0000000085380000)
 Metaspace       used 66760K, committed 68352K, reserved 1114112K
  class space    used 6939K, committed 7616K, reserved 1048576K
}
Event: 23.995 GC heap after
{Heap after GC invocations=106 (full 3):
 PSYoungGen      total 11776K, used 288K [0x00000000d5580000, 0x00000000d6200000, 0x0000000100000000)
  eden space 11264K, 0% used [0x00000000d5580000,0x00000000d5580000,0x00000000d6080000)
  from space 512K, 56% used [0x00000000d6100000,0x00000000d6148000,0x00000000d6180000)
  to   space 512K, 0% used [0x00000000d6180000,0x00000000d6180000,0x00000000d6200000)
 ParOldGen       total 85504K, used 85440K [0x0000000080000000, 0x0000000085380000, 0x00000000d5580000)
  object space 85504K, 99% used [0x0000000080000000,0x0000000085370270,0x0000000085380000)
 Metaspace       used 66760K, committed 68352K, reserved 1114112K
  class space    used 6939K, committed 7616K, reserved 1048576K
}
Event: 24.122 GC heap before
{Heap before GC invocations=107 (full 3):
 PSYoungGen      total 11776K, used 11552K [0x00000000d5580000, 0x00000000d6200000, 0x0000000100000000)
  eden space 11264K, 100% used [0x00000000d5580000,0x00000000d6080000,0x00000000d6080000)
  from space 512K, 56% used [0x00000000d6100000,0x00000000d6148000,0x00000000d6180000)
  to   space 512K, 0% used [0x00000000d6180000,0x00000000d6180000,0x00000000d6200000)
 ParOldGen       total 85504K, used 85440K [0x0000000080000000, 0x0000000085380000, 0x00000000d5580000)
  object space 85504K, 99% used [0x0000000080000000,0x0000000085370270,0x0000000085380000)
 Metaspace       used 66814K, committed 68352K, reserved 1114112K
  class space    used 6942K, committed 7616K, reserved 1048576K
}
Event: 24.125 GC heap after
{Heap after GC invocations=107 (full 3):
 PSYoungGen      total 11776K, used 340K [0x00000000d5580000, 0x00000000d6200000, 0x0000000100000000)
  eden space 11264K, 0% used [0x00000000d5580000,0x00000000d5580000,0x00000000d6080000)
  from space 512K, 66% used [0x00000000d6180000,0x00000000d61d5200,0x00000000d6200000)
  to   space 512K, 0% used [0x00000000d6100000,0x00000000d6100000,0x00000000d6180000)
 ParOldGen       total 86016K, used 85648K [0x0000000080000000, 0x0000000085400000, 0x00000000d5580000)
  object space 86016K, 99% used [0x0000000080000000,0x00000000853a4270,0x0000000085400000)
 Metaspace       used 66814K, committed 68352K, reserved 1114112K
  class space    used 6942K, committed 7616K, reserved 1048576K
}
Event: 24.143 GC heap before
{Heap before GC invocations=108 (full 3):
 PSYoungGen      total 11776K, used 11604K [0x00000000d5580000, 0x00000000d6200000, 0x0000000100000000)
  eden space 11264K, 100% used [0x00000000d5580000,0x00000000d6080000,0x00000000d6080000)
  from space 512K, 66% used [0x00000000d6180000,0x00000000d61d5200,0x00000000d6200000)
  to   space 512K, 0% used [0x00000000d6100000,0x00000000d6100000,0x00000000d6180000)
 ParOldGen       total 86016K, used 85648K [0x0000000080000000, 0x0000000085400000, 0x00000000d5580000)
  object space 86016K, 99% used [0x0000000080000000,0x00000000853a4270,0x0000000085400000)
 Metaspace       used 66814K, committed 68352K, reserved 1114112K
  class space    used 6942K, committed 7616K, reserved 1048576K
}
Event: 24.144 GC heap after
{Heap after GC invocations=108 (full 3):
 PSYoungGen      total 11776K, used 192K [0x00000000d5580000, 0x00000000d6200000, 0x0000000100000000)
  eden space 11264K, 0% used [0x00000000d5580000,0x00000000d5580000,0x00000000d6080000)
  from space 512K, 37% used [0x00000000d6100000,0x00000000d6130000,0x00000000d6180000)
  to   space 512K, 0% used [0x00000000d6180000,0x00000000d6180000,0x00000000d6200000)
 ParOldGen       total 86016K, used 85869K [0x0000000080000000, 0x0000000085400000, 0x00000000d5580000)
  object space 86016K, 99% used [0x0000000080000000,0x00000000853db470,0x0000000085400000)
 Metaspace       used 66814K, committed 68352K, reserved 1114112K
  class space    used 6942K, committed 7616K, reserved 1048576K
}
Event: 24.186 GC heap before
{Heap before GC invocations=109 (full 3):
 PSYoungGen      total 11776K, used 11456K [0x00000000d5580000, 0x00000000d6200000, 0x0000000100000000)
  eden space 11264K, 100% used [0x00000000d5580000,0x00000000d6080000,0x00000000d6080000)
  from space 512K, 37% used [0x00000000d6100000,0x00000000d6130000,0x00000000d6180000)
  to   space 512K, 0% used [0x00000000d6180000,0x00000000d6180000,0x00000000d6200000)
 ParOldGen       total 86016K, used 85869K [0x0000000080000000, 0x0000000085400000, 0x00000000d5580000)
  object space 86016K, 99% used [0x0000000080000000,0x00000000853db470,0x0000000085400000)
 Metaspace       used 66814K, committed 68352K, reserved 1114112K
  class space    used 6942K, committed 7616K, reserved 1048576K
}
Event: 24.188 GC heap after
{Heap after GC invocations=109 (full 3):
 PSYoungGen      total 11776K, used 320K [0x00000000d5580000, 0x00000000d6200000, 0x0000000100000000)
  eden space 11264K, 0% used [0x00000000d5580000,0x00000000d5580000,0x00000000d6080000)
  from space 512K, 62% used [0x00000000d6180000,0x00000000d61d0000,0x00000000d6200000)
  to   space 512K, 0% used [0x00000000d6100000,0x00000000d6100000,0x00000000d6180000)
 ParOldGen       total 86528K, used 86045K [0x0000000080000000, 0x0000000085480000, 0x00000000d5580000)
  object space 86528K, 99% used [0x0000000080000000,0x0000000085407470,0x0000000085480000)
 Metaspace       used 66814K, committed 68352K, reserved 1114112K
  class space    used 6942K, committed 7616K, reserved 1048576K
}

